<?xml version="1.0" encoding="UTF-8"?>
<testsuite xmlns:xsi="http://www.w3.org/2001/XMLSchema-instance" xsi:noNamespaceSchemaLocation="https://maven.apache.org/surefire/maven-surefire-plugin/xsd/surefire-test-report-3.0.xsd" version="3.0" name="org.apache.zookeeper.recipes.lock.WriteLockTest" time="20.773" tests="1" errors="0" skipped="0" failures="0">
  <properties>
    <property name="sun.desktop" value="gnome"/>
    <property name="build.test.dir" value="/home/asus/Documents/zookeeper/zookeeper-recipes/zookeeper-recipes-lock/target/surefire"/>
    <property name="awt.toolkit" value="sun.awt.X11.XToolkit"/>
    <property name="jdk.tls.rejectClientInitiatedRenegotiation" value="true"/>
    <property name="java.specification.version" value="1.8"/>
    <property name="file.encoding.pkg" value="sun.io"/>
    <property name="sun.cpu.isalist" value=""/>
    <property name="sun.jnu.encoding" value="UTF-8"/>
    <property name="java.class.path" value="/home/asus/Documents/zookeeper/zookeeper-recipes/zookeeper-recipes-lock/target/test-classes:/home/asus/Documents/zookeeper/zookeeper-recipes/zookeeper-recipes-lock/target/classes:/home/asus/Documents/zookeeper/zookeeper-server/target/classes:/home/asus/Documents/zookeeper/zookeeper-jute/target/classes:/home/asus/.m2/repository/org/apache/yetus/audience-annotations/0.12.0/audience-annotations-0.12.0.jar:/home/asus/.m2/repository/io/netty/netty-handler/4.1.94.Final/netty-handler-4.1.94.Final.jar:/home/asus/.m2/repository/io/netty/netty-common/4.1.94.Final/netty-common-4.1.94.Final.jar:/home/asus/.m2/repository/io/netty/netty-resolver/4.1.94.Final/netty-resolver-4.1.94.Final.jar:/home/asus/.m2/repository/io/netty/netty-buffer/4.1.94.Final/netty-buffer-4.1.94.Final.jar:/home/asus/.m2/repository/io/netty/netty-transport/4.1.94.Final/netty-transport-4.1.94.Final.jar:/home/asus/.m2/repository/io/netty/netty-transport-native-unix-common/4.1.94.Final/netty-transport-native-unix-common-4.1.94.Final.jar:/home/asus/.m2/repository/io/netty/netty-codec/4.1.94.Final/netty-codec-4.1.94.Final.jar:/home/asus/.m2/repository/io/netty/netty-transport-native-epoll/4.1.94.Final/netty-transport-native-epoll-4.1.94.Final-linux-x86_64.jar:/home/asus/.m2/repository/io/netty/netty-transport-classes-epoll/4.1.94.Final/netty-transport-classes-epoll-4.1.94.Final.jar:/home/asus/.m2/repository/io/netty/netty-tcnative-boringssl-static/2.0.61.Final/netty-tcnative-boringssl-static-2.0.61.Final.jar:/home/asus/.m2/repository/io/netty/netty-tcnative-classes/2.0.61.Final/netty-tcnative-classes-2.0.61.Final.jar:/home/asus/.m2/repository/io/netty/netty-tcnative-boringssl-static/2.0.61.Final/netty-tcnative-boringssl-static-2.0.61.Final-linux-x86_64.jar:/home/asus/.m2/repository/io/netty/netty-tcnative-boringssl-static/2.0.61.Final/netty-tcnative-boringssl-static-2.0.61.Final-linux-aarch_64.jar:/home/asus/.m2/repository/io/netty/netty-tcnative-boringssl-static/2.0.61.Final/netty-tcnative-boringssl-static-2.0.61.Final-osx-x86_64.jar:/home/asus/.m2/repository/io/netty/netty-tcnative-boringssl-static/2.0.61.Final/netty-tcnative-boringssl-static-2.0.61.Final-osx-aarch_64.jar:/home/asus/.m2/repository/io/netty/netty-tcnative-boringssl-static/2.0.61.Final/netty-tcnative-boringssl-static-2.0.61.Final-windows-x86_64.jar:/home/asus/.m2/repository/org/slf4j/slf4j-api/1.7.30/slf4j-api-1.7.30.jar:/home/asus/.m2/repository/ch/qos/logback/logback-core/1.2.10/logback-core-1.2.10.jar:/home/asus/.m2/repository/ch/qos/logback/logback-classic/1.2.10/logback-classic-1.2.10.jar:/home/asus/.m2/repository/commons-io/commons-io/2.11.0/commons-io-2.11.0.jar:/home/asus/.m2/repository/org/wasabi/logger/logger-project/1.0-SNAPSHOT/logger-project-1.0-SNAPSHOT.jar:/home/asus/.m2/repository/junit/junit/4.13.2/junit-4.13.2.jar:/home/asus/.m2/repository/org/hamcrest/hamcrest-core/1.3/hamcrest-core-1.3.jar:/home/asus/.m2/repository/org/apache/logging/log4j/log4j-slf4j-impl/2.18.0/log4j-slf4j-impl-2.18.0.jar:/home/asus/.m2/repository/org/apache/logging/log4j/log4j-api/2.18.0/log4j-api-2.18.0.jar:/home/asus/.m2/repository/org/apache/logging/log4j/log4j-core/2.18.0/log4j-core-2.18.0.jar:/home/asus/.m2/repository/org/junit/vintage/junit-vintage-engine/5.7.2/junit-vintage-engine-5.7.2.jar:/home/asus/.m2/repository/org/junit/jupiter/junit-jupiter-api/5.7.2/junit-jupiter-api-5.7.2.jar:/home/asus/.m2/repository/org/opentest4j/opentest4j/1.2.0/opentest4j-1.2.0.jar:/home/asus/.m2/repository/org/junit/platform/junit-platform-commons/1.7.0/junit-platform-commons-1.7.0.jar:/home/asus/.m2/repository/org/junit/platform/junit-platform-launcher/1.8.2/junit-platform-launcher-1.8.2.jar:/home/asus/Documents/zookeeper/zookeeper-server/target/test-classes:/home/asus/.m2/repository/org/xerial/snappy/snappy-java/1.1.10.1/snappy-java-1.1.10.1.jar:/home/asus/.m2/repository/org/junit/jupiter/junit-jupiter-engine/5.7.2/junit-jupiter-engine-5.7.2.jar:/home/asus/.m2/repository/org/apiguardian/apiguardian-api/1.1.0/apiguardian-api-1.1.0.jar:/home/asus/.m2/repository/org/junit/platform/junit-platform-engine/1.7.2/junit-platform-engine-1.7.2.jar:/home/asus/.m2/repository/io/dropwizard/metrics/metrics-core/4.1.12.1/metrics-core-4.1.12.1.jar:/home/asus/.m2/repository/com/github/spotbugs/spotbugs-annotations/4.0.2/spotbugs-annotations-4.0.2.jar:/home/asus/.m2/repository/com/google/code/findbugs/jsr305/3.0.2/jsr305-3.0.2.jar:"/>
    <property name="java.vm.vendor" value="Oracle Corporation"/>
    <property name="sun.arch.data.model" value="64"/>
    <property name="zookeeper.preAllocSize" value="100"/>
    <property name="java.vendor.url" value="http://java.oracle.com/"/>
    <property name="user.timezone" value="Asia/Jakarta"/>
    <property name="java.vm.specification.version" value="1.8"/>
    <property name="os.name" value="Linux"/>
    <property name="user.country" value="US"/>
    <property name="sun.java.launcher" value="SUN_STANDARD"/>
    <property name="sun.boot.library.path" value="/usr/lib/jvm/jdk1.8.0_381/jre/lib/amd64"/>
    <property name="sun.java.command" value="/home/asus/Documents/zookeeper/zookeeper-recipes/zookeeper-recipes-lock/target/surefire/surefirebooter8112628045610190328.jar /home/asus/Documents/zookeeper/zookeeper-recipes/zookeeper-recipes-lock/target/surefire 2023-09-18T23-28-16_975-jvmRun7 surefire6851520146516039487tmp surefire_168960581690847114617tmp"/>
    <property name="surefire.test.class.path" value="/home/asus/Documents/zookeeper/zookeeper-recipes/zookeeper-recipes-lock/target/test-classes:/home/asus/Documents/zookeeper/zookeeper-recipes/zookeeper-recipes-lock/target/classes:/home/asus/Documents/zookeeper/zookeeper-server/target/classes:/home/asus/Documents/zookeeper/zookeeper-jute/target/classes:/home/asus/.m2/repository/org/apache/yetus/audience-annotations/0.12.0/audience-annotations-0.12.0.jar:/home/asus/.m2/repository/io/netty/netty-handler/4.1.94.Final/netty-handler-4.1.94.Final.jar:/home/asus/.m2/repository/io/netty/netty-common/4.1.94.Final/netty-common-4.1.94.Final.jar:/home/asus/.m2/repository/io/netty/netty-resolver/4.1.94.Final/netty-resolver-4.1.94.Final.jar:/home/asus/.m2/repository/io/netty/netty-buffer/4.1.94.Final/netty-buffer-4.1.94.Final.jar:/home/asus/.m2/repository/io/netty/netty-transport/4.1.94.Final/netty-transport-4.1.94.Final.jar:/home/asus/.m2/repository/io/netty/netty-transport-native-unix-common/4.1.94.Final/netty-transport-native-unix-common-4.1.94.Final.jar:/home/asus/.m2/repository/io/netty/netty-codec/4.1.94.Final/netty-codec-4.1.94.Final.jar:/home/asus/.m2/repository/io/netty/netty-transport-native-epoll/4.1.94.Final/netty-transport-native-epoll-4.1.94.Final-linux-x86_64.jar:/home/asus/.m2/repository/io/netty/netty-transport-classes-epoll/4.1.94.Final/netty-transport-classes-epoll-4.1.94.Final.jar:/home/asus/.m2/repository/io/netty/netty-tcnative-boringssl-static/2.0.61.Final/netty-tcnative-boringssl-static-2.0.61.Final.jar:/home/asus/.m2/repository/io/netty/netty-tcnative-classes/2.0.61.Final/netty-tcnative-classes-2.0.61.Final.jar:/home/asus/.m2/repository/io/netty/netty-tcnative-boringssl-static/2.0.61.Final/netty-tcnative-boringssl-static-2.0.61.Final-linux-x86_64.jar:/home/asus/.m2/repository/io/netty/netty-tcnative-boringssl-static/2.0.61.Final/netty-tcnative-boringssl-static-2.0.61.Final-linux-aarch_64.jar:/home/asus/.m2/repository/io/netty/netty-tcnative-boringssl-static/2.0.61.Final/netty-tcnative-boringssl-static-2.0.61.Final-osx-x86_64.jar:/home/asus/.m2/repository/io/netty/netty-tcnative-boringssl-static/2.0.61.Final/netty-tcnative-boringssl-static-2.0.61.Final-osx-aarch_64.jar:/home/asus/.m2/repository/io/netty/netty-tcnative-boringssl-static/2.0.61.Final/netty-tcnative-boringssl-static-2.0.61.Final-windows-x86_64.jar:/home/asus/.m2/repository/org/slf4j/slf4j-api/1.7.30/slf4j-api-1.7.30.jar:/home/asus/.m2/repository/ch/qos/logback/logback-core/1.2.10/logback-core-1.2.10.jar:/home/asus/.m2/repository/ch/qos/logback/logback-classic/1.2.10/logback-classic-1.2.10.jar:/home/asus/.m2/repository/commons-io/commons-io/2.11.0/commons-io-2.11.0.jar:/home/asus/.m2/repository/org/wasabi/logger/logger-project/1.0-SNAPSHOT/logger-project-1.0-SNAPSHOT.jar:/home/asus/.m2/repository/junit/junit/4.13.2/junit-4.13.2.jar:/home/asus/.m2/repository/org/hamcrest/hamcrest-core/1.3/hamcrest-core-1.3.jar:/home/asus/.m2/repository/org/apache/logging/log4j/log4j-slf4j-impl/2.18.0/log4j-slf4j-impl-2.18.0.jar:/home/asus/.m2/repository/org/apache/logging/log4j/log4j-api/2.18.0/log4j-api-2.18.0.jar:/home/asus/.m2/repository/org/apache/logging/log4j/log4j-core/2.18.0/log4j-core-2.18.0.jar:/home/asus/.m2/repository/org/junit/vintage/junit-vintage-engine/5.7.2/junit-vintage-engine-5.7.2.jar:/home/asus/.m2/repository/org/junit/jupiter/junit-jupiter-api/5.7.2/junit-jupiter-api-5.7.2.jar:/home/asus/.m2/repository/org/opentest4j/opentest4j/1.2.0/opentest4j-1.2.0.jar:/home/asus/.m2/repository/org/junit/platform/junit-platform-commons/1.7.0/junit-platform-commons-1.7.0.jar:/home/asus/.m2/repository/org/junit/platform/junit-platform-launcher/1.8.2/junit-platform-launcher-1.8.2.jar:/home/asus/Documents/zookeeper/zookeeper-server/target/test-classes:/home/asus/.m2/repository/org/xerial/snappy/snappy-java/1.1.10.1/snappy-java-1.1.10.1.jar:/home/asus/.m2/repository/org/junit/jupiter/junit-jupiter-engine/5.7.2/junit-jupiter-engine-5.7.2.jar:/home/asus/.m2/repository/org/apiguardian/apiguardian-api/1.1.0/apiguardian-api-1.1.0.jar:/home/asus/.m2/repository/org/junit/platform/junit-platform-engine/1.7.2/junit-platform-engine-1.7.2.jar:/home/asus/.m2/repository/io/dropwizard/metrics/metrics-core/4.1.12.1/metrics-core-4.1.12.1.jar:/home/asus/.m2/repository/com/github/spotbugs/spotbugs-annotations/4.0.2/spotbugs-annotations-4.0.2.jar:/home/asus/.m2/repository/com/google/code/findbugs/jsr305/3.0.2/jsr305-3.0.2.jar:"/>
    <property name="sun.cpu.endian" value="little"/>
    <property name="user.home" value="/home/asus"/>
    <property name="user.language" value="en"/>
    <property name="java.specification.vendor" value="Oracle Corporation"/>
    <property name="java.home" value="/usr/lib/jvm/jdk1.8.0_381/jre"/>
    <property name="basedir" value="/home/asus/Documents/zookeeper/zookeeper-recipes/zookeeper-recipes-lock"/>
    <property name="file.separator" value="/"/>
    <property name="line.separator" value="&#10;"/>
    <property name="java.vm.specification.vendor" value="Oracle Corporation"/>
    <property name="java.specification.name" value="Java Platform API Specification"/>
    <property name="java.awt.graphicsenv" value="sun.awt.X11GraphicsEnvironment"/>
    <property name="surefire.real.class.path" value="/home/asus/Documents/zookeeper/zookeeper-recipes/zookeeper-recipes-lock/target/surefire/surefirebooter8112628045610190328.jar"/>
    <property name="sun.boot.class.path" value="/usr/lib/jvm/jdk1.8.0_381/jre/lib/resources.jar:/usr/lib/jvm/jdk1.8.0_381/jre/lib/rt.jar:/usr/lib/jvm/jdk1.8.0_381/jre/lib/jsse.jar:/usr/lib/jvm/jdk1.8.0_381/jre/lib/jce.jar:/usr/lib/jvm/jdk1.8.0_381/jre/lib/charsets.jar:/usr/lib/jvm/jdk1.8.0_381/jre/lib/jfr.jar:/usr/lib/jvm/jdk1.8.0_381/jre/classes"/>
    <property name="zookeeper.admin.rateLimiterIntervalInMS" value="0"/>
    <property name="sun.management.compiler" value="HotSpot 64-Bit Tiered Compilers"/>
    <property name="java.runtime.version" value="1.8.0_381-b09"/>
    <property name="zookeeper.4lw.commands.whitelist" value="*"/>
    <property name="user.name" value="asus"/>
    <property name="path.separator" value=":"/>
    <property name="os.version" value="6.2.0-32-generic"/>
    <property name="java.endorsed.dirs" value="/usr/lib/jvm/jdk1.8.0_381/jre/lib/endorsed"/>
    <property name="zookeeper.admin.enableServer" value="false"/>
    <property name="java.runtime.name" value="Java(TM) SE Runtime Environment"/>
    <property name="file.encoding" value="UTF-8"/>
    <property name="java.vm.name" value="Java HotSpot(TM) 64-Bit Server VM"/>
    <property name="localRepository" value="/home/asus/.m2/repository"/>
    <property name="java.vendor.url.bug" value="http://bugreport.sun.com/bugreport/"/>
    <property name="java.io.tmpdir" value="/tmp"/>
    <property name="java.version" value="1.8.0_381"/>
    <property name="user.dir" value="/home/asus/Documents/zookeeper/zookeeper-recipes/zookeeper-recipes-lock"/>
    <property name="os.arch" value="amd64"/>
    <property name="java.vm.specification.name" value="Java Virtual Machine Specification"/>
    <property name="java.awt.printerjob" value="sun.print.PSPrinterJob"/>
    <property name="sun.os.patch.level" value="unknown"/>
    <property name="java.library.path" value="/usr/java/packages/lib/amd64:/usr/lib64:/lib64:/lib:/usr/lib"/>
    <property name="java.vm.info" value="mixed mode"/>
    <property name="java.vendor" value="Oracle Corporation"/>
    <property name="java.vm.version" value="25.381-b09"/>
    <property name="java.specification.maintenance.version" value="5"/>
    <property name="java.ext.dirs" value="/usr/lib/jvm/jdk1.8.0_381/jre/lib/ext:/usr/java/packages/lib/ext"/>
    <property name="sun.io.unicode.encoding" value="UnicodeLittle"/>
    <property name="java.class.version" value="52.0"/>
    <property name="maven.test.failure.ignore" value="true"/>
  </properties>
  <testcase name="testRun" classname="org.apache.zookeeper.recipes.lock.WriteLockTest" time="20.737">
    <system-out><![CDATA[2023-09-18 23:34:43,854 [myid:] - ERROR [main:o.w.l.WasabiListener5@22] - [WASABISTART]
2023-09-18 23:34:43,855 [myid:] - ERROR [main:o.w.l.WasabiListener5@23] - [wasabi] testRun() is started
2023-09-18 23:34:44,072 [myid:] - ERROR [main:o.a.z.r.l.ProtocolSupport@140] - [wasabi] Retry Loop 01 is called. MaxRetry : 10  stack trace element: org.apache.zookeeper.recipes.lock.WriteLockTest.runTest (Line 67)
2023-09-18 23:34:44,072 [myid:] - ERROR [main:o.a.z.r.l.ProtocolSupport@140] - [wasabi] Retry Loop 01 is called. MaxRetry : 10  stack trace element: org.apache.zookeeper.recipes.lock.WriteLockTest.testRun (Line 45)
2023-09-18 23:34:44,072 [myid:] - ERROR [main:o.a.z.r.l.ProtocolSupport@140] - [wasabi] Retry Loop 01 is called. MaxRetry : 10  stack trace element: org.junit.jupiter.engine.descriptor.TestMethodTestDescriptor.lambda$invokeTestMethod$6 (Line 210)
2023-09-18 23:34:44,072 [myid:] - ERROR [main:o.a.z.r.l.ProtocolSupport@140] - [wasabi] Retry Loop 01 is called. MaxRetry : 10  stack trace element: org.junit.jupiter.engine.descriptor.TestMethodTestDescriptor.invokeTestMethod (Line 206)
2023-09-18 23:34:44,072 [myid:] - ERROR [main:o.a.z.r.l.ProtocolSupport@140] - [wasabi] Retry Loop 01 is called. MaxRetry : 10  stack trace element: org.junit.jupiter.engine.descriptor.TestMethodTestDescriptor.execute (Line 131)
2023-09-18 23:34:44,072 [myid:] - ERROR [main:o.a.z.r.l.ProtocolSupport@140] - [wasabi] Retry Loop 01 is called. MaxRetry : 10  stack trace element: org.junit.jupiter.engine.descriptor.TestMethodTestDescriptor.execute (Line 65)
2023-09-18 23:34:44,073 [myid:] - ERROR [main:o.a.z.r.l.ProtocolSupport@140] - [wasabi] Retry Loop 01 is called. MaxRetry : 10  stack trace element: org.junit.platform.engine.support.hierarchical.NodeTestTask.lambda$executeRecursively$5 (Line 139)
2023-09-18 23:34:44,073 [myid:] - ERROR [main:o.a.z.r.l.ProtocolSupport@140] - [wasabi] Retry Loop 01 is called. MaxRetry : 10  stack trace element: org.junit.platform.engine.support.hierarchical.NodeTestTask.lambda$executeRecursively$7 (Line 129)
2023-09-18 23:34:44,073 [myid:] - ERROR [main:o.a.z.r.l.ProtocolSupport@140] - [wasabi] Retry Loop 01 is called. MaxRetry : 10  stack trace element: org.junit.platform.engine.support.hierarchical.NodeTestTask.lambda$executeRecursively$8 (Line 127)
2023-09-18 23:34:44,073 [myid:] - ERROR [main:o.a.z.r.l.ProtocolSupport@140] - [wasabi] Retry Loop 01 is called. MaxRetry : 10  stack trace element: org.junit.platform.engine.support.hierarchical.NodeTestTask.executeRecursively (Line 126)
2023-09-18 23:34:44,073 [myid:] - ERROR [main:o.a.z.r.l.ProtocolSupport@140] - [wasabi] Retry Loop 01 is called. MaxRetry : 10  stack trace element: org.junit.platform.engine.support.hierarchical.NodeTestTask.execute (Line 84)
2023-09-18 23:34:44,073 [myid:] - ERROR [main:o.a.z.r.l.ProtocolSupport@140] - [wasabi] Retry Loop 01 is called. MaxRetry : 10  stack trace element: org.junit.platform.engine.support.hierarchical.SameThreadHierarchicalTestExecutorService.invokeAll (Line 38)
2023-09-18 23:34:44,073 [myid:] - ERROR [main:o.a.z.r.l.ProtocolSupport@140] - [wasabi] Retry Loop 01 is called. MaxRetry : 10  stack trace element: org.junit.platform.engine.support.hierarchical.NodeTestTask.lambda$executeRecursively$5 (Line 143)
2023-09-18 23:34:44,074 [myid:] - ERROR [main:o.a.z.r.l.ProtocolSupport@140] - [wasabi] Retry Loop 01 is called. MaxRetry : 10  stack trace element: org.junit.platform.engine.support.hierarchical.NodeTestTask.lambda$executeRecursively$7 (Line 129)
2023-09-18 23:34:44,074 [myid:] - ERROR [main:o.a.z.r.l.ProtocolSupport@140] - [wasabi] Retry Loop 01 is called. MaxRetry : 10  stack trace element: org.junit.platform.engine.support.hierarchical.NodeTestTask.lambda$executeRecursively$8 (Line 127)
2023-09-18 23:34:44,074 [myid:] - ERROR [main:o.a.z.r.l.ProtocolSupport@140] - [wasabi] Retry Loop 01 is called. MaxRetry : 10  stack trace element: org.junit.platform.engine.support.hierarchical.NodeTestTask.executeRecursively (Line 126)
2023-09-18 23:34:44,074 [myid:] - ERROR [main:o.a.z.r.l.ProtocolSupport@140] - [wasabi] Retry Loop 01 is called. MaxRetry : 10  stack trace element: org.junit.platform.engine.support.hierarchical.NodeTestTask.execute (Line 84)
2023-09-18 23:34:44,074 [myid:] - ERROR [main:o.a.z.r.l.ProtocolSupport@140] - [wasabi] Retry Loop 01 is called. MaxRetry : 10  stack trace element: org.junit.platform.engine.support.hierarchical.SameThreadHierarchicalTestExecutorService.invokeAll (Line 38)
2023-09-18 23:34:44,074 [myid:] - ERROR [main:o.a.z.r.l.ProtocolSupport@140] - [wasabi] Retry Loop 01 is called. MaxRetry : 10  stack trace element: org.junit.platform.engine.support.hierarchical.NodeTestTask.lambda$executeRecursively$5 (Line 143)
2023-09-18 23:34:44,074 [myid:] - ERROR [main:o.a.z.r.l.ProtocolSupport@140] - [wasabi] Retry Loop 01 is called. MaxRetry : 10  stack trace element: org.junit.platform.engine.support.hierarchical.NodeTestTask.lambda$executeRecursively$7 (Line 129)
2023-09-18 23:34:44,075 [myid:] - ERROR [main:o.a.z.r.l.ProtocolSupport@140] - [wasabi] Retry Loop 01 is called. MaxRetry : 10  stack trace element: org.junit.platform.engine.support.hierarchical.NodeTestTask.lambda$executeRecursively$8 (Line 127)
2023-09-18 23:34:44,075 [myid:] - ERROR [main:o.a.z.r.l.ProtocolSupport@140] - [wasabi] Retry Loop 01 is called. MaxRetry : 10  stack trace element: org.junit.platform.engine.support.hierarchical.NodeTestTask.executeRecursively (Line 126)
2023-09-18 23:34:44,075 [myid:] - ERROR [main:o.a.z.r.l.ProtocolSupport@140] - [wasabi] Retry Loop 01 is called. MaxRetry : 10  stack trace element: org.junit.platform.engine.support.hierarchical.NodeTestTask.execute (Line 84)
2023-09-18 23:34:44,075 [myid:] - ERROR [main:o.a.z.r.l.ProtocolSupport@140] - [wasabi] Retry Loop 01 is called. MaxRetry : 10  stack trace element: org.junit.platform.engine.support.hierarchical.SameThreadHierarchicalTestExecutorService.submit (Line 32)
2023-09-18 23:34:44,075 [myid:] - ERROR [main:o.a.z.r.l.ProtocolSupport@140] - [wasabi] Retry Loop 01 is called. MaxRetry : 10  stack trace element: org.junit.platform.engine.support.hierarchical.HierarchicalTestExecutor.execute (Line 57)
2023-09-18 23:34:44,075 [myid:] - ERROR [main:o.a.z.r.l.ProtocolSupport@140] - [wasabi] Retry Loop 01 is called. MaxRetry : 10  stack trace element: org.junit.platform.engine.support.hierarchical.HierarchicalTestEngine.execute (Line 51)
2023-09-18 23:34:44,087 [myid:] - ERROR [main:o.a.z.r.l.ProtocolSupport@140] - [wasabi] Retry Loop 01 is called. MaxRetry : 10  stack trace element: org.apache.zookeeper.recipes.lock.WriteLockTest.runTest (Line 67)
2023-09-18 23:34:44,087 [myid:] - ERROR [main:o.a.z.r.l.ProtocolSupport@140] - [wasabi] Retry Loop 01 is called. MaxRetry : 10  stack trace element: org.apache.zookeeper.recipes.lock.WriteLockTest.testRun (Line 45)
2023-09-18 23:34:44,087 [myid:] - ERROR [main:o.a.z.r.l.ProtocolSupport@140] - [wasabi] Retry Loop 01 is called. MaxRetry : 10  stack trace element: org.junit.jupiter.engine.descriptor.TestMethodTestDescriptor.lambda$invokeTestMethod$6 (Line 210)
2023-09-18 23:34:44,088 [myid:] - ERROR [main:o.a.z.r.l.ProtocolSupport@140] - [wasabi] Retry Loop 01 is called. MaxRetry : 10  stack trace element: org.junit.jupiter.engine.descriptor.TestMethodTestDescriptor.invokeTestMethod (Line 206)
2023-09-18 23:34:44,088 [myid:] - ERROR [main:o.a.z.r.l.ProtocolSupport@140] - [wasabi] Retry Loop 01 is called. MaxRetry : 10  stack trace element: org.junit.jupiter.engine.descriptor.TestMethodTestDescriptor.execute (Line 131)
2023-09-18 23:34:44,088 [myid:] - ERROR [main:o.a.z.r.l.ProtocolSupport@140] - [wasabi] Retry Loop 01 is called. MaxRetry : 10  stack trace element: org.junit.jupiter.engine.descriptor.TestMethodTestDescriptor.execute (Line 65)
2023-09-18 23:34:44,088 [myid:] - ERROR [main:o.a.z.r.l.ProtocolSupport@140] - [wasabi] Retry Loop 01 is called. MaxRetry : 10  stack trace element: org.junit.platform.engine.support.hierarchical.NodeTestTask.lambda$executeRecursively$5 (Line 139)
2023-09-18 23:34:44,088 [myid:] - ERROR [main:o.a.z.r.l.ProtocolSupport@140] - [wasabi] Retry Loop 01 is called. MaxRetry : 10  stack trace element: org.junit.platform.engine.support.hierarchical.NodeTestTask.lambda$executeRecursively$7 (Line 129)
2023-09-18 23:34:44,089 [myid:] - ERROR [main:o.a.z.r.l.ProtocolSupport@140] - [wasabi] Retry Loop 01 is called. MaxRetry : 10  stack trace element: org.junit.platform.engine.support.hierarchical.NodeTestTask.lambda$executeRecursively$8 (Line 127)
2023-09-18 23:34:44,089 [myid:] - ERROR [main:o.a.z.r.l.ProtocolSupport@140] - [wasabi] Retry Loop 01 is called. MaxRetry : 10  stack trace element: org.junit.platform.engine.support.hierarchical.NodeTestTask.executeRecursively (Line 126)
2023-09-18 23:34:44,089 [myid:] - ERROR [main:o.a.z.r.l.ProtocolSupport@140] - [wasabi] Retry Loop 01 is called. MaxRetry : 10  stack trace element: org.junit.platform.engine.support.hierarchical.NodeTestTask.execute (Line 84)
2023-09-18 23:34:44,089 [myid:] - ERROR [main:o.a.z.r.l.ProtocolSupport@140] - [wasabi] Retry Loop 01 is called. MaxRetry : 10  stack trace element: org.junit.platform.engine.support.hierarchical.SameThreadHierarchicalTestExecutorService.invokeAll (Line 38)
2023-09-18 23:34:44,090 [myid:] - ERROR [main:o.a.z.r.l.ProtocolSupport@140] - [wasabi] Retry Loop 01 is called. MaxRetry : 10  stack trace element: org.junit.platform.engine.support.hierarchical.NodeTestTask.lambda$executeRecursively$5 (Line 143)
2023-09-18 23:34:44,090 [myid:] - ERROR [main:o.a.z.r.l.ProtocolSupport@140] - [wasabi] Retry Loop 01 is called. MaxRetry : 10  stack trace element: org.junit.platform.engine.support.hierarchical.NodeTestTask.lambda$executeRecursively$7 (Line 129)
2023-09-18 23:34:44,090 [myid:] - ERROR [main:o.a.z.r.l.ProtocolSupport@140] - [wasabi] Retry Loop 01 is called. MaxRetry : 10  stack trace element: org.junit.platform.engine.support.hierarchical.NodeTestTask.lambda$executeRecursively$8 (Line 127)
2023-09-18 23:34:44,090 [myid:] - ERROR [main:o.a.z.r.l.ProtocolSupport@140] - [wasabi] Retry Loop 01 is called. MaxRetry : 10  stack trace element: org.junit.platform.engine.support.hierarchical.NodeTestTask.executeRecursively (Line 126)
2023-09-18 23:34:44,091 [myid:] - ERROR [main:o.a.z.r.l.ProtocolSupport@140] - [wasabi] Retry Loop 01 is called. MaxRetry : 10  stack trace element: org.junit.platform.engine.support.hierarchical.NodeTestTask.execute (Line 84)
2023-09-18 23:34:44,091 [myid:] - ERROR [main:o.a.z.r.l.ProtocolSupport@140] - [wasabi] Retry Loop 01 is called. MaxRetry : 10  stack trace element: org.junit.platform.engine.support.hierarchical.SameThreadHierarchicalTestExecutorService.invokeAll (Line 38)
2023-09-18 23:34:44,093 [myid:] - ERROR [main:o.a.z.r.l.ProtocolSupport@140] - [wasabi] Retry Loop 01 is called. MaxRetry : 10  stack trace element: org.junit.platform.engine.support.hierarchical.NodeTestTask.lambda$executeRecursively$5 (Line 143)
2023-09-18 23:34:44,094 [myid:] - ERROR [main:o.a.z.r.l.ProtocolSupport@140] - [wasabi] Retry Loop 01 is called. MaxRetry : 10  stack trace element: org.junit.platform.engine.support.hierarchical.NodeTestTask.lambda$executeRecursively$7 (Line 129)
2023-09-18 23:34:44,094 [myid:] - ERROR [main:o.a.z.r.l.ProtocolSupport@140] - [wasabi] Retry Loop 01 is called. MaxRetry : 10  stack trace element: org.junit.platform.engine.support.hierarchical.NodeTestTask.lambda$executeRecursively$8 (Line 127)
2023-09-18 23:34:44,094 [myid:] - ERROR [main:o.a.z.r.l.ProtocolSupport@140] - [wasabi] Retry Loop 01 is called. MaxRetry : 10  stack trace element: org.junit.platform.engine.support.hierarchical.NodeTestTask.executeRecursively (Line 126)
2023-09-18 23:34:44,095 [myid:] - ERROR [main:o.a.z.r.l.ProtocolSupport@140] - [wasabi] Retry Loop 01 is called. MaxRetry : 10  stack trace element: org.junit.platform.engine.support.hierarchical.NodeTestTask.execute (Line 84)
2023-09-18 23:34:44,095 [myid:] - ERROR [main:o.a.z.r.l.ProtocolSupport@140] - [wasabi] Retry Loop 01 is called. MaxRetry : 10  stack trace element: org.junit.platform.engine.support.hierarchical.SameThreadHierarchicalTestExecutorService.submit (Line 32)
2023-09-18 23:34:44,095 [myid:] - ERROR [main:o.a.z.r.l.ProtocolSupport@140] - [wasabi] Retry Loop 01 is called. MaxRetry : 10  stack trace element: org.junit.platform.engine.support.hierarchical.HierarchicalTestExecutor.execute (Line 57)
2023-09-18 23:34:44,095 [myid:] - ERROR [main:o.a.z.r.l.ProtocolSupport@140] - [wasabi] Retry Loop 01 is called. MaxRetry : 10  stack trace element: org.junit.platform.engine.support.hierarchical.HierarchicalTestEngine.execute (Line 51)
2023-09-18 23:34:44,108 [myid:] - ERROR [main:o.a.z.r.l.ProtocolSupport@140] - [wasabi] Retry Loop 01 is called. MaxRetry : 10  stack trace element: org.apache.zookeeper.recipes.lock.WriteLockTest.runTest (Line 67)
2023-09-18 23:34:44,108 [myid:] - ERROR [main:o.a.z.r.l.ProtocolSupport@140] - [wasabi] Retry Loop 01 is called. MaxRetry : 10  stack trace element: org.apache.zookeeper.recipes.lock.WriteLockTest.testRun (Line 45)
2023-09-18 23:34:44,108 [myid:] - ERROR [main:o.a.z.r.l.ProtocolSupport@140] - [wasabi] Retry Loop 01 is called. MaxRetry : 10  stack trace element: org.junit.jupiter.engine.descriptor.TestMethodTestDescriptor.lambda$invokeTestMethod$6 (Line 210)
2023-09-18 23:34:44,108 [myid:] - ERROR [main:o.a.z.r.l.ProtocolSupport@140] - [wasabi] Retry Loop 01 is called. MaxRetry : 10  stack trace element: org.junit.jupiter.engine.descriptor.TestMethodTestDescriptor.invokeTestMethod (Line 206)
2023-09-18 23:34:44,109 [myid:] - ERROR [main:o.a.z.r.l.ProtocolSupport@140] - [wasabi] Retry Loop 01 is called. MaxRetry : 10  stack trace element: org.junit.jupiter.engine.descriptor.TestMethodTestDescriptor.execute (Line 131)
2023-09-18 23:34:44,109 [myid:] - ERROR [main:o.a.z.r.l.ProtocolSupport@140] - [wasabi] Retry Loop 01 is called. MaxRetry : 10  stack trace element: org.junit.jupiter.engine.descriptor.TestMethodTestDescriptor.execute (Line 65)
2023-09-18 23:34:44,109 [myid:] - ERROR [main:o.a.z.r.l.ProtocolSupport@140] - [wasabi] Retry Loop 01 is called. MaxRetry : 10  stack trace element: org.junit.platform.engine.support.hierarchical.NodeTestTask.lambda$executeRecursively$5 (Line 139)
2023-09-18 23:34:44,109 [myid:] - ERROR [main:o.a.z.r.l.ProtocolSupport@140] - [wasabi] Retry Loop 01 is called. MaxRetry : 10  stack trace element: org.junit.platform.engine.support.hierarchical.NodeTestTask.lambda$executeRecursively$7 (Line 129)
2023-09-18 23:34:44,109 [myid:] - ERROR [main:o.a.z.r.l.ProtocolSupport@140] - [wasabi] Retry Loop 01 is called. MaxRetry : 10  stack trace element: org.junit.platform.engine.support.hierarchical.NodeTestTask.lambda$executeRecursively$8 (Line 127)
2023-09-18 23:34:44,109 [myid:] - ERROR [main:o.a.z.r.l.ProtocolSupport@140] - [wasabi] Retry Loop 01 is called. MaxRetry : 10  stack trace element: org.junit.platform.engine.support.hierarchical.NodeTestTask.executeRecursively (Line 126)
2023-09-18 23:34:44,109 [myid:] - ERROR [main:o.a.z.r.l.ProtocolSupport@140] - [wasabi] Retry Loop 01 is called. MaxRetry : 10  stack trace element: org.junit.platform.engine.support.hierarchical.NodeTestTask.execute (Line 84)
2023-09-18 23:34:44,109 [myid:] - ERROR [main:o.a.z.r.l.ProtocolSupport@140] - [wasabi] Retry Loop 01 is called. MaxRetry : 10  stack trace element: org.junit.platform.engine.support.hierarchical.SameThreadHierarchicalTestExecutorService.invokeAll (Line 38)
2023-09-18 23:34:44,110 [myid:] - ERROR [main:o.a.z.r.l.ProtocolSupport@140] - [wasabi] Retry Loop 01 is called. MaxRetry : 10  stack trace element: org.junit.platform.engine.support.hierarchical.NodeTestTask.lambda$executeRecursively$5 (Line 143)
2023-09-18 23:34:44,110 [myid:] - ERROR [main:o.a.z.r.l.ProtocolSupport@140] - [wasabi] Retry Loop 01 is called. MaxRetry : 10  stack trace element: org.junit.platform.engine.support.hierarchical.NodeTestTask.lambda$executeRecursively$7 (Line 129)
2023-09-18 23:34:44,110 [myid:] - ERROR [main:o.a.z.r.l.ProtocolSupport@140] - [wasabi] Retry Loop 01 is called. MaxRetry : 10  stack trace element: org.junit.platform.engine.support.hierarchical.NodeTestTask.lambda$executeRecursively$8 (Line 127)
2023-09-18 23:34:44,110 [myid:] - ERROR [main:o.a.z.r.l.ProtocolSupport@140] - [wasabi] Retry Loop 01 is called. MaxRetry : 10  stack trace element: org.junit.platform.engine.support.hierarchical.NodeTestTask.executeRecursively (Line 126)
2023-09-18 23:34:44,110 [myid:] - ERROR [main:o.a.z.r.l.ProtocolSupport@140] - [wasabi] Retry Loop 01 is called. MaxRetry : 10  stack trace element: org.junit.platform.engine.support.hierarchical.NodeTestTask.execute (Line 84)
2023-09-18 23:34:44,110 [myid:] - ERROR [main:o.a.z.r.l.ProtocolSupport@140] - [wasabi] Retry Loop 01 is called. MaxRetry : 10  stack trace element: org.junit.platform.engine.support.hierarchical.SameThreadHierarchicalTestExecutorService.invokeAll (Line 38)
2023-09-18 23:34:44,110 [myid:] - ERROR [main:o.a.z.r.l.ProtocolSupport@140] - [wasabi] Retry Loop 01 is called. MaxRetry : 10  stack trace element: org.junit.platform.engine.support.hierarchical.NodeTestTask.lambda$executeRecursively$5 (Line 143)
2023-09-18 23:34:44,110 [myid:] - ERROR [main:o.a.z.r.l.ProtocolSupport@140] - [wasabi] Retry Loop 01 is called. MaxRetry : 10  stack trace element: org.junit.platform.engine.support.hierarchical.NodeTestTask.lambda$executeRecursively$7 (Line 129)
2023-09-18 23:34:44,110 [myid:] - ERROR [main:o.a.z.r.l.ProtocolSupport@140] - [wasabi] Retry Loop 01 is called. MaxRetry : 10  stack trace element: org.junit.platform.engine.support.hierarchical.NodeTestTask.lambda$executeRecursively$8 (Line 127)
2023-09-18 23:34:44,111 [myid:] - ERROR [main:o.a.z.r.l.ProtocolSupport@140] - [wasabi] Retry Loop 01 is called. MaxRetry : 10  stack trace element: org.junit.platform.engine.support.hierarchical.NodeTestTask.executeRecursively (Line 126)
2023-09-18 23:34:44,111 [myid:] - ERROR [main:o.a.z.r.l.ProtocolSupport@140] - [wasabi] Retry Loop 01 is called. MaxRetry : 10  stack trace element: org.junit.platform.engine.support.hierarchical.NodeTestTask.execute (Line 84)
2023-09-18 23:34:44,111 [myid:] - ERROR [main:o.a.z.r.l.ProtocolSupport@140] - [wasabi] Retry Loop 01 is called. MaxRetry : 10  stack trace element: org.junit.platform.engine.support.hierarchical.SameThreadHierarchicalTestExecutorService.submit (Line 32)
2023-09-18 23:34:44,111 [myid:] - ERROR [main:o.a.z.r.l.ProtocolSupport@140] - [wasabi] Retry Loop 01 is called. MaxRetry : 10  stack trace element: org.junit.platform.engine.support.hierarchical.HierarchicalTestExecutor.execute (Line 57)
2023-09-18 23:34:44,111 [myid:] - ERROR [main:o.a.z.r.l.ProtocolSupport@140] - [wasabi] Retry Loop 01 is called. MaxRetry : 10  stack trace element: org.junit.platform.engine.support.hierarchical.HierarchicalTestEngine.execute (Line 51)
2023-09-18 23:34:44,113 [myid:] - ERROR [main:o.a.z.r.l.ProtocolSupport@140] - [wasabi] Retry Loop 01 is called. MaxRetry : 10  stack trace element: org.apache.zookeeper.recipes.lock.WriteLockTest.runTest (Line 67)
2023-09-18 23:34:44,113 [myid:] - ERROR [main:o.a.z.r.l.ProtocolSupport@140] - [wasabi] Retry Loop 01 is called. MaxRetry : 10  stack trace element: org.apache.zookeeper.recipes.lock.WriteLockTest.testRun (Line 45)
2023-09-18 23:34:44,113 [myid:] - ERROR [main:o.a.z.r.l.ProtocolSupport@140] - [wasabi] Retry Loop 01 is called. MaxRetry : 10  stack trace element: org.junit.jupiter.engine.descriptor.TestMethodTestDescriptor.lambda$invokeTestMethod$6 (Line 210)
2023-09-18 23:34:44,113 [myid:] - ERROR [main:o.a.z.r.l.ProtocolSupport@140] - [wasabi] Retry Loop 01 is called. MaxRetry : 10  stack trace element: org.junit.jupiter.engine.descriptor.TestMethodTestDescriptor.invokeTestMethod (Line 206)
2023-09-18 23:34:44,113 [myid:] - ERROR [main:o.a.z.r.l.ProtocolSupport@140] - [wasabi] Retry Loop 01 is called. MaxRetry : 10  stack trace element: org.junit.jupiter.engine.descriptor.TestMethodTestDescriptor.execute (Line 131)
2023-09-18 23:34:44,114 [myid:] - ERROR [main:o.a.z.r.l.ProtocolSupport@140] - [wasabi] Retry Loop 01 is called. MaxRetry : 10  stack trace element: org.junit.jupiter.engine.descriptor.TestMethodTestDescriptor.execute (Line 65)
2023-09-18 23:34:44,114 [myid:] - ERROR [main:o.a.z.r.l.ProtocolSupport@140] - [wasabi] Retry Loop 01 is called. MaxRetry : 10  stack trace element: org.junit.platform.engine.support.hierarchical.NodeTestTask.lambda$executeRecursively$5 (Line 139)
2023-09-18 23:34:44,114 [myid:] - ERROR [main:o.a.z.r.l.ProtocolSupport@140] - [wasabi] Retry Loop 01 is called. MaxRetry : 10  stack trace element: org.junit.platform.engine.support.hierarchical.NodeTestTask.lambda$executeRecursively$7 (Line 129)
2023-09-18 23:34:44,114 [myid:] - ERROR [main:o.a.z.r.l.ProtocolSupport@140] - [wasabi] Retry Loop 01 is called. MaxRetry : 10  stack trace element: org.junit.platform.engine.support.hierarchical.NodeTestTask.lambda$executeRecursively$8 (Line 127)
2023-09-18 23:34:44,114 [myid:] - ERROR [main:o.a.z.r.l.ProtocolSupport@140] - [wasabi] Retry Loop 01 is called. MaxRetry : 10  stack trace element: org.junit.platform.engine.support.hierarchical.NodeTestTask.executeRecursively (Line 126)
2023-09-18 23:34:44,114 [myid:] - ERROR [main:o.a.z.r.l.ProtocolSupport@140] - [wasabi] Retry Loop 01 is called. MaxRetry : 10  stack trace element: org.junit.platform.engine.support.hierarchical.NodeTestTask.execute (Line 84)
2023-09-18 23:34:44,114 [myid:] - ERROR [main:o.a.z.r.l.ProtocolSupport@140] - [wasabi] Retry Loop 01 is called. MaxRetry : 10  stack trace element: org.junit.platform.engine.support.hierarchical.SameThreadHierarchicalTestExecutorService.invokeAll (Line 38)
2023-09-18 23:34:44,115 [myid:] - ERROR [main:o.a.z.r.l.ProtocolSupport@140] - [wasabi] Retry Loop 01 is called. MaxRetry : 10  stack trace element: org.junit.platform.engine.support.hierarchical.NodeTestTask.lambda$executeRecursively$5 (Line 143)
2023-09-18 23:34:44,115 [myid:] - ERROR [main:o.a.z.r.l.ProtocolSupport@140] - [wasabi] Retry Loop 01 is called. MaxRetry : 10  stack trace element: org.junit.platform.engine.support.hierarchical.NodeTestTask.lambda$executeRecursively$7 (Line 129)
2023-09-18 23:34:44,115 [myid:] - ERROR [main:o.a.z.r.l.ProtocolSupport@140] - [wasabi] Retry Loop 01 is called. MaxRetry : 10  stack trace element: org.junit.platform.engine.support.hierarchical.NodeTestTask.lambda$executeRecursively$8 (Line 127)
2023-09-18 23:34:44,115 [myid:] - ERROR [main:o.a.z.r.l.ProtocolSupport@140] - [wasabi] Retry Loop 01 is called. MaxRetry : 10  stack trace element: org.junit.platform.engine.support.hierarchical.NodeTestTask.executeRecursively (Line 126)
2023-09-18 23:34:44,115 [myid:] - ERROR [main:o.a.z.r.l.ProtocolSupport@140] - [wasabi] Retry Loop 01 is called. MaxRetry : 10  stack trace element: org.junit.platform.engine.support.hierarchical.NodeTestTask.execute (Line 84)
2023-09-18 23:34:44,115 [myid:] - ERROR [main:o.a.z.r.l.ProtocolSupport@140] - [wasabi] Retry Loop 01 is called. MaxRetry : 10  stack trace element: org.junit.platform.engine.support.hierarchical.SameThreadHierarchicalTestExecutorService.invokeAll (Line 38)
2023-09-18 23:34:44,115 [myid:] - ERROR [main:o.a.z.r.l.ProtocolSupport@140] - [wasabi] Retry Loop 01 is called. MaxRetry : 10  stack trace element: org.junit.platform.engine.support.hierarchical.NodeTestTask.lambda$executeRecursively$5 (Line 143)
2023-09-18 23:34:44,115 [myid:] - ERROR [main:o.a.z.r.l.ProtocolSupport@140] - [wasabi] Retry Loop 01 is called. MaxRetry : 10  stack trace element: org.junit.platform.engine.support.hierarchical.NodeTestTask.lambda$executeRecursively$7 (Line 129)
2023-09-18 23:34:44,116 [myid:] - ERROR [main:o.a.z.r.l.ProtocolSupport@140] - [wasabi] Retry Loop 01 is called. MaxRetry : 10  stack trace element: org.junit.platform.engine.support.hierarchical.NodeTestTask.lambda$executeRecursively$8 (Line 127)
2023-09-18 23:34:44,116 [myid:] - ERROR [main:o.a.z.r.l.ProtocolSupport@140] - [wasabi] Retry Loop 01 is called. MaxRetry : 10  stack trace element: org.junit.platform.engine.support.hierarchical.NodeTestTask.executeRecursively (Line 126)
2023-09-18 23:34:44,116 [myid:] - ERROR [main:o.a.z.r.l.ProtocolSupport@140] - [wasabi] Retry Loop 01 is called. MaxRetry : 10  stack trace element: org.junit.platform.engine.support.hierarchical.NodeTestTask.execute (Line 84)
2023-09-18 23:34:44,116 [myid:] - ERROR [main:o.a.z.r.l.ProtocolSupport@140] - [wasabi] Retry Loop 01 is called. MaxRetry : 10  stack trace element: org.junit.platform.engine.support.hierarchical.SameThreadHierarchicalTestExecutorService.submit (Line 32)
2023-09-18 23:34:44,116 [myid:] - ERROR [main:o.a.z.r.l.ProtocolSupport@140] - [wasabi] Retry Loop 01 is called. MaxRetry : 10  stack trace element: org.junit.platform.engine.support.hierarchical.HierarchicalTestExecutor.execute (Line 57)
2023-09-18 23:34:44,116 [myid:] - ERROR [main:o.a.z.r.l.ProtocolSupport@140] - [wasabi] Retry Loop 01 is called. MaxRetry : 10  stack trace element: org.junit.platform.engine.support.hierarchical.HierarchicalTestEngine.execute (Line 51)
2023-09-18 23:34:44,133 [myid:] - ERROR [main:o.a.z.r.l.ProtocolSupport@140] - [wasabi] Retry Loop 01 is called. MaxRetry : 10  stack trace element: org.apache.zookeeper.recipes.lock.WriteLockTest.runTest (Line 67)
2023-09-18 23:34:44,133 [myid:] - ERROR [main:o.a.z.r.l.ProtocolSupport@140] - [wasabi] Retry Loop 01 is called. MaxRetry : 10  stack trace element: org.apache.zookeeper.recipes.lock.WriteLockTest.testRun (Line 45)
2023-09-18 23:34:44,134 [myid:] - ERROR [main:o.a.z.r.l.ProtocolSupport@140] - [wasabi] Retry Loop 01 is called. MaxRetry : 10  stack trace element: org.junit.jupiter.engine.descriptor.TestMethodTestDescriptor.lambda$invokeTestMethod$6 (Line 210)
2023-09-18 23:34:44,135 [myid:] - ERROR [main:o.a.z.r.l.ProtocolSupport@140] - [wasabi] Retry Loop 01 is called. MaxRetry : 10  stack trace element: org.junit.jupiter.engine.descriptor.TestMethodTestDescriptor.invokeTestMethod (Line 206)
2023-09-18 23:34:44,135 [myid:] - ERROR [main:o.a.z.r.l.ProtocolSupport@140] - [wasabi] Retry Loop 01 is called. MaxRetry : 10  stack trace element: org.junit.jupiter.engine.descriptor.TestMethodTestDescriptor.execute (Line 131)
2023-09-18 23:34:44,136 [myid:] - ERROR [main:o.a.z.r.l.ProtocolSupport@140] - [wasabi] Retry Loop 01 is called. MaxRetry : 10  stack trace element: org.junit.jupiter.engine.descriptor.TestMethodTestDescriptor.execute (Line 65)
2023-09-18 23:34:44,136 [myid:] - ERROR [main:o.a.z.r.l.ProtocolSupport@140] - [wasabi] Retry Loop 01 is called. MaxRetry : 10  stack trace element: org.junit.platform.engine.support.hierarchical.NodeTestTask.lambda$executeRecursively$5 (Line 139)
2023-09-18 23:34:44,137 [myid:] - ERROR [main:o.a.z.r.l.ProtocolSupport@140] - [wasabi] Retry Loop 01 is called. MaxRetry : 10  stack trace element: org.junit.platform.engine.support.hierarchical.NodeTestTask.lambda$executeRecursively$7 (Line 129)
2023-09-18 23:34:44,137 [myid:] - ERROR [main:o.a.z.r.l.ProtocolSupport@140] - [wasabi] Retry Loop 01 is called. MaxRetry : 10  stack trace element: org.junit.platform.engine.support.hierarchical.NodeTestTask.lambda$executeRecursively$8 (Line 127)
2023-09-18 23:34:44,138 [myid:] - ERROR [main:o.a.z.r.l.ProtocolSupport@140] - [wasabi] Retry Loop 01 is called. MaxRetry : 10  stack trace element: org.junit.platform.engine.support.hierarchical.NodeTestTask.executeRecursively (Line 126)
2023-09-18 23:34:44,138 [myid:] - ERROR [main:o.a.z.r.l.ProtocolSupport@140] - [wasabi] Retry Loop 01 is called. MaxRetry : 10  stack trace element: org.junit.platform.engine.support.hierarchical.NodeTestTask.execute (Line 84)
2023-09-18 23:34:44,139 [myid:] - ERROR [main:o.a.z.r.l.ProtocolSupport@140] - [wasabi] Retry Loop 01 is called. MaxRetry : 10  stack trace element: org.junit.platform.engine.support.hierarchical.SameThreadHierarchicalTestExecutorService.invokeAll (Line 38)
2023-09-18 23:34:44,139 [myid:] - ERROR [main:o.a.z.r.l.ProtocolSupport@140] - [wasabi] Retry Loop 01 is called. MaxRetry : 10  stack trace element: org.junit.platform.engine.support.hierarchical.NodeTestTask.lambda$executeRecursively$5 (Line 143)
2023-09-18 23:34:44,140 [myid:] - ERROR [main:o.a.z.r.l.ProtocolSupport@140] - [wasabi] Retry Loop 01 is called. MaxRetry : 10  stack trace element: org.junit.platform.engine.support.hierarchical.NodeTestTask.lambda$executeRecursively$7 (Line 129)
2023-09-18 23:34:44,140 [myid:] - ERROR [main:o.a.z.r.l.ProtocolSupport@140] - [wasabi] Retry Loop 01 is called. MaxRetry : 10  stack trace element: org.junit.platform.engine.support.hierarchical.NodeTestTask.lambda$executeRecursively$8 (Line 127)
2023-09-18 23:34:44,141 [myid:] - ERROR [main:o.a.z.r.l.ProtocolSupport@140] - [wasabi] Retry Loop 01 is called. MaxRetry : 10  stack trace element: org.junit.platform.engine.support.hierarchical.NodeTestTask.executeRecursively (Line 126)
2023-09-18 23:34:44,141 [myid:] - ERROR [main:o.a.z.r.l.ProtocolSupport@140] - [wasabi] Retry Loop 01 is called. MaxRetry : 10  stack trace element: org.junit.platform.engine.support.hierarchical.NodeTestTask.execute (Line 84)
2023-09-18 23:34:44,142 [myid:] - ERROR [main:o.a.z.r.l.ProtocolSupport@140] - [wasabi] Retry Loop 01 is called. MaxRetry : 10  stack trace element: org.junit.platform.engine.support.hierarchical.SameThreadHierarchicalTestExecutorService.invokeAll (Line 38)
2023-09-18 23:34:44,143 [myid:] - ERROR [main:o.a.z.r.l.ProtocolSupport@140] - [wasabi] Retry Loop 01 is called. MaxRetry : 10  stack trace element: org.junit.platform.engine.support.hierarchical.NodeTestTask.lambda$executeRecursively$5 (Line 143)
2023-09-18 23:34:44,143 [myid:] - ERROR [main:o.a.z.r.l.ProtocolSupport@140] - [wasabi] Retry Loop 01 is called. MaxRetry : 10  stack trace element: org.junit.platform.engine.support.hierarchical.NodeTestTask.lambda$executeRecursively$7 (Line 129)
2023-09-18 23:34:44,144 [myid:] - ERROR [main:o.a.z.r.l.ProtocolSupport@140] - [wasabi] Retry Loop 01 is called. MaxRetry : 10  stack trace element: org.junit.platform.engine.support.hierarchical.NodeTestTask.lambda$executeRecursively$8 (Line 127)
2023-09-18 23:34:44,144 [myid:] - ERROR [main:o.a.z.r.l.ProtocolSupport@140] - [wasabi] Retry Loop 01 is called. MaxRetry : 10  stack trace element: org.junit.platform.engine.support.hierarchical.NodeTestTask.executeRecursively (Line 126)
2023-09-18 23:34:44,145 [myid:] - ERROR [main:o.a.z.r.l.ProtocolSupport@140] - [wasabi] Retry Loop 01 is called. MaxRetry : 10  stack trace element: org.junit.platform.engine.support.hierarchical.NodeTestTask.execute (Line 84)
2023-09-18 23:34:44,145 [myid:] - ERROR [main:o.a.z.r.l.ProtocolSupport@140] - [wasabi] Retry Loop 01 is called. MaxRetry : 10  stack trace element: org.junit.platform.engine.support.hierarchical.SameThreadHierarchicalTestExecutorService.submit (Line 32)
2023-09-18 23:34:44,146 [myid:] - ERROR [main:o.a.z.r.l.ProtocolSupport@140] - [wasabi] Retry Loop 01 is called. MaxRetry : 10  stack trace element: org.junit.platform.engine.support.hierarchical.HierarchicalTestExecutor.execute (Line 57)
2023-09-18 23:34:44,146 [myid:] - ERROR [main:o.a.z.r.l.ProtocolSupport@140] - [wasabi] Retry Loop 01 is called. MaxRetry : 10  stack trace element: org.junit.platform.engine.support.hierarchical.HierarchicalTestEngine.execute (Line 51)
2023-09-18 23:34:44,149 [myid:] - ERROR [main:o.a.z.r.l.ProtocolSupport@140] - [wasabi] Retry Loop 01 is called. MaxRetry : 10  stack trace element: org.apache.zookeeper.recipes.lock.WriteLockTest.runTest (Line 67)
2023-09-18 23:34:44,150 [myid:] - ERROR [main:o.a.z.r.l.ProtocolSupport@140] - [wasabi] Retry Loop 01 is called. MaxRetry : 10  stack trace element: org.apache.zookeeper.recipes.lock.WriteLockTest.testRun (Line 45)
2023-09-18 23:34:44,150 [myid:] - ERROR [main:o.a.z.r.l.ProtocolSupport@140] - [wasabi] Retry Loop 01 is called. MaxRetry : 10  stack trace element: org.junit.jupiter.engine.descriptor.TestMethodTestDescriptor.lambda$invokeTestMethod$6 (Line 210)
2023-09-18 23:34:44,150 [myid:] - ERROR [main:o.a.z.r.l.ProtocolSupport@140] - [wasabi] Retry Loop 01 is called. MaxRetry : 10  stack trace element: org.junit.jupiter.engine.descriptor.TestMethodTestDescriptor.invokeTestMethod (Line 206)
2023-09-18 23:34:44,151 [myid:] - ERROR [main:o.a.z.r.l.ProtocolSupport@140] - [wasabi] Retry Loop 01 is called. MaxRetry : 10  stack trace element: org.junit.jupiter.engine.descriptor.TestMethodTestDescriptor.execute (Line 131)
2023-09-18 23:34:44,151 [myid:] - ERROR [main:o.a.z.r.l.ProtocolSupport@140] - [wasabi] Retry Loop 01 is called. MaxRetry : 10  stack trace element: org.junit.jupiter.engine.descriptor.TestMethodTestDescriptor.execute (Line 65)
2023-09-18 23:34:44,151 [myid:] - ERROR [main:o.a.z.r.l.ProtocolSupport@140] - [wasabi] Retry Loop 01 is called. MaxRetry : 10  stack trace element: org.junit.platform.engine.support.hierarchical.NodeTestTask.lambda$executeRecursively$5 (Line 139)
2023-09-18 23:34:44,151 [myid:] - ERROR [main:o.a.z.r.l.ProtocolSupport@140] - [wasabi] Retry Loop 01 is called. MaxRetry : 10  stack trace element: org.junit.platform.engine.support.hierarchical.NodeTestTask.lambda$executeRecursively$7 (Line 129)
2023-09-18 23:34:44,152 [myid:] - ERROR [main:o.a.z.r.l.ProtocolSupport@140] - [wasabi] Retry Loop 01 is called. MaxRetry : 10  stack trace element: org.junit.platform.engine.support.hierarchical.NodeTestTask.lambda$executeRecursively$8 (Line 127)
2023-09-18 23:34:44,152 [myid:] - ERROR [main:o.a.z.r.l.ProtocolSupport@140] - [wasabi] Retry Loop 01 is called. MaxRetry : 10  stack trace element: org.junit.platform.engine.support.hierarchical.NodeTestTask.executeRecursively (Line 126)
2023-09-18 23:34:44,152 [myid:] - ERROR [main:o.a.z.r.l.ProtocolSupport@140] - [wasabi] Retry Loop 01 is called. MaxRetry : 10  stack trace element: org.junit.platform.engine.support.hierarchical.NodeTestTask.execute (Line 84)
2023-09-18 23:34:44,152 [myid:] - ERROR [main:o.a.z.r.l.ProtocolSupport@140] - [wasabi] Retry Loop 01 is called. MaxRetry : 10  stack trace element: org.junit.platform.engine.support.hierarchical.SameThreadHierarchicalTestExecutorService.invokeAll (Line 38)
2023-09-18 23:34:44,153 [myid:] - ERROR [main:o.a.z.r.l.ProtocolSupport@140] - [wasabi] Retry Loop 01 is called. MaxRetry : 10  stack trace element: org.junit.platform.engine.support.hierarchical.NodeTestTask.lambda$executeRecursively$5 (Line 143)
2023-09-18 23:34:44,153 [myid:] - ERROR [main:o.a.z.r.l.ProtocolSupport@140] - [wasabi] Retry Loop 01 is called. MaxRetry : 10  stack trace element: org.junit.platform.engine.support.hierarchical.NodeTestTask.lambda$executeRecursively$7 (Line 129)
2023-09-18 23:34:44,153 [myid:] - ERROR [main:o.a.z.r.l.ProtocolSupport@140] - [wasabi] Retry Loop 01 is called. MaxRetry : 10  stack trace element: org.junit.platform.engine.support.hierarchical.NodeTestTask.lambda$executeRecursively$8 (Line 127)
2023-09-18 23:34:44,153 [myid:] - ERROR [main:o.a.z.r.l.ProtocolSupport@140] - [wasabi] Retry Loop 01 is called. MaxRetry : 10  stack trace element: org.junit.platform.engine.support.hierarchical.NodeTestTask.executeRecursively (Line 126)
2023-09-18 23:34:44,154 [myid:] - ERROR [main:o.a.z.r.l.ProtocolSupport@140] - [wasabi] Retry Loop 01 is called. MaxRetry : 10  stack trace element: org.junit.platform.engine.support.hierarchical.NodeTestTask.execute (Line 84)
2023-09-18 23:34:44,154 [myid:] - ERROR [main:o.a.z.r.l.ProtocolSupport@140] - [wasabi] Retry Loop 01 is called. MaxRetry : 10  stack trace element: org.junit.platform.engine.support.hierarchical.SameThreadHierarchicalTestExecutorService.invokeAll (Line 38)
2023-09-18 23:34:44,154 [myid:] - ERROR [main:o.a.z.r.l.ProtocolSupport@140] - [wasabi] Retry Loop 01 is called. MaxRetry : 10  stack trace element: org.junit.platform.engine.support.hierarchical.NodeTestTask.lambda$executeRecursively$5 (Line 143)
2023-09-18 23:34:44,154 [myid:] - ERROR [main:o.a.z.r.l.ProtocolSupport@140] - [wasabi] Retry Loop 01 is called. MaxRetry : 10  stack trace element: org.junit.platform.engine.support.hierarchical.NodeTestTask.lambda$executeRecursively$7 (Line 129)
2023-09-18 23:34:44,155 [myid:] - ERROR [main:o.a.z.r.l.ProtocolSupport@140] - [wasabi] Retry Loop 01 is called. MaxRetry : 10  stack trace element: org.junit.platform.engine.support.hierarchical.NodeTestTask.lambda$executeRecursively$8 (Line 127)
2023-09-18 23:34:44,155 [myid:] - ERROR [main:o.a.z.r.l.ProtocolSupport@140] - [wasabi] Retry Loop 01 is called. MaxRetry : 10  stack trace element: org.junit.platform.engine.support.hierarchical.NodeTestTask.executeRecursively (Line 126)
2023-09-18 23:34:44,155 [myid:] - ERROR [main:o.a.z.r.l.ProtocolSupport@140] - [wasabi] Retry Loop 01 is called. MaxRetry : 10  stack trace element: org.junit.platform.engine.support.hierarchical.NodeTestTask.execute (Line 84)
2023-09-18 23:34:44,155 [myid:] - ERROR [main:o.a.z.r.l.ProtocolSupport@140] - [wasabi] Retry Loop 01 is called. MaxRetry : 10  stack trace element: org.junit.platform.engine.support.hierarchical.SameThreadHierarchicalTestExecutorService.submit (Line 32)
2023-09-18 23:34:44,155 [myid:] - ERROR [main:o.a.z.r.l.ProtocolSupport@140] - [wasabi] Retry Loop 01 is called. MaxRetry : 10  stack trace element: org.junit.platform.engine.support.hierarchical.HierarchicalTestExecutor.execute (Line 57)
2023-09-18 23:34:44,156 [myid:] - ERROR [main:o.a.z.r.l.ProtocolSupport@140] - [wasabi] Retry Loop 01 is called. MaxRetry : 10  stack trace element: org.junit.platform.engine.support.hierarchical.HierarchicalTestEngine.execute (Line 51)
node: 0 id: /org.apache.zookeeper.recipes.lock.WriteLockTest/x-72059638586998784-0000000000 is leader: true
node: 1 id: /org.apache.zookeeper.recipes.lock.WriteLockTest/x-72059638586998785-0000000001 is leader: false
node: 2 id: /org.apache.zookeeper.recipes.lock.WriteLockTest/x-72059638586998786-0000000002 is leader: false
Now killing the leader
node: 0 id: null is leader: false
node: 1 id: /org.apache.zookeeper.recipes.lock.WriteLockTest/x-72059638586998785-0000000001 is leader: true
node: 2 id: /org.apache.zookeeper.recipes.lock.WriteLockTest/x-72059638586998786-0000000002 is leader: false
Now stopping the server
node: 0 id: null is leader: false
node: 1 id: /org.apache.zookeeper.recipes.lock.WriteLockTest/x-72059638586998785-0000000001 is leader: true
node: 2 id: /org.apache.zookeeper.recipes.lock.WriteLockTest/x-72059638586998786-0000000002 is leader: false
Starting the server
Calling acquire for node: 0
2023-09-18 23:35:04,191 [myid:] - ERROR [main:o.a.z.r.l.ProtocolSupport@140] - [wasabi] Retry Loop 01 is called. MaxRetry : 10  stack trace element: org.apache.zookeeper.recipes.lock.WriteLockTest.runTest (Line 119)
2023-09-18 23:35:04,191 [myid:] - ERROR [main:o.a.z.r.l.ProtocolSupport@140] - [wasabi] Retry Loop 01 is called. MaxRetry : 10  stack trace element: org.apache.zookeeper.recipes.lock.WriteLockTest.testRun (Line 45)
2023-09-18 23:35:04,192 [myid:] - ERROR [main:o.a.z.r.l.ProtocolSupport@140] - [wasabi] Retry Loop 01 is called. MaxRetry : 10  stack trace element: org.junit.jupiter.engine.descriptor.TestMethodTestDescriptor.lambda$invokeTestMethod$6 (Line 210)
2023-09-18 23:35:04,192 [myid:] - ERROR [main:o.a.z.r.l.ProtocolSupport@140] - [wasabi] Retry Loop 01 is called. MaxRetry : 10  stack trace element: org.junit.jupiter.engine.descriptor.TestMethodTestDescriptor.invokeTestMethod (Line 206)
2023-09-18 23:35:04,193 [myid:] - ERROR [main:o.a.z.r.l.ProtocolSupport@140] - [wasabi] Retry Loop 01 is called. MaxRetry : 10  stack trace element: org.junit.jupiter.engine.descriptor.TestMethodTestDescriptor.execute (Line 131)
2023-09-18 23:35:04,194 [myid:] - ERROR [main:o.a.z.r.l.ProtocolSupport@140] - [wasabi] Retry Loop 01 is called. MaxRetry : 10  stack trace element: org.junit.jupiter.engine.descriptor.TestMethodTestDescriptor.execute (Line 65)
2023-09-18 23:35:04,194 [myid:] - ERROR [main:o.a.z.r.l.ProtocolSupport@140] - [wasabi] Retry Loop 01 is called. MaxRetry : 10  stack trace element: org.junit.platform.engine.support.hierarchical.NodeTestTask.lambda$executeRecursively$5 (Line 139)
2023-09-18 23:35:04,195 [myid:] - ERROR [main:o.a.z.r.l.ProtocolSupport@140] - [wasabi] Retry Loop 01 is called. MaxRetry : 10  stack trace element: org.junit.platform.engine.support.hierarchical.NodeTestTask.lambda$executeRecursively$7 (Line 129)
2023-09-18 23:35:04,195 [myid:] - ERROR [main:o.a.z.r.l.ProtocolSupport@140] - [wasabi] Retry Loop 01 is called. MaxRetry : 10  stack trace element: org.junit.platform.engine.support.hierarchical.NodeTestTask.lambda$executeRecursively$8 (Line 127)
2023-09-18 23:35:04,195 [myid:] - ERROR [main:o.a.z.r.l.ProtocolSupport@140] - [wasabi] Retry Loop 01 is called. MaxRetry : 10  stack trace element: org.junit.platform.engine.support.hierarchical.NodeTestTask.executeRecursively (Line 126)
2023-09-18 23:35:04,195 [myid:] - ERROR [main:o.a.z.r.l.ProtocolSupport@140] - [wasabi] Retry Loop 01 is called. MaxRetry : 10  stack trace element: org.junit.platform.engine.support.hierarchical.NodeTestTask.execute (Line 84)
2023-09-18 23:35:04,195 [myid:] - ERROR [main:o.a.z.r.l.ProtocolSupport@140] - [wasabi] Retry Loop 01 is called. MaxRetry : 10  stack trace element: org.junit.platform.engine.support.hierarchical.SameThreadHierarchicalTestExecutorService.invokeAll (Line 38)
2023-09-18 23:35:04,195 [myid:] - ERROR [main:o.a.z.r.l.ProtocolSupport@140] - [wasabi] Retry Loop 01 is called. MaxRetry : 10  stack trace element: org.junit.platform.engine.support.hierarchical.NodeTestTask.lambda$executeRecursively$5 (Line 143)
2023-09-18 23:35:04,195 [myid:] - ERROR [main:o.a.z.r.l.ProtocolSupport@140] - [wasabi] Retry Loop 01 is called. MaxRetry : 10  stack trace element: org.junit.platform.engine.support.hierarchical.NodeTestTask.lambda$executeRecursively$7 (Line 129)
2023-09-18 23:35:04,196 [myid:] - ERROR [main:o.a.z.r.l.ProtocolSupport@140] - [wasabi] Retry Loop 01 is called. MaxRetry : 10  stack trace element: org.junit.platform.engine.support.hierarchical.NodeTestTask.lambda$executeRecursively$8 (Line 127)
2023-09-18 23:35:04,196 [myid:] - ERROR [main:o.a.z.r.l.ProtocolSupport@140] - [wasabi] Retry Loop 01 is called. MaxRetry : 10  stack trace element: org.junit.platform.engine.support.hierarchical.NodeTestTask.executeRecursively (Line 126)
2023-09-18 23:35:04,196 [myid:] - ERROR [main:o.a.z.r.l.ProtocolSupport@140] - [wasabi] Retry Loop 01 is called. MaxRetry : 10  stack trace element: org.junit.platform.engine.support.hierarchical.NodeTestTask.execute (Line 84)
2023-09-18 23:35:04,196 [myid:] - ERROR [main:o.a.z.r.l.ProtocolSupport@140] - [wasabi] Retry Loop 01 is called. MaxRetry : 10  stack trace element: org.junit.platform.engine.support.hierarchical.SameThreadHierarchicalTestExecutorService.invokeAll (Line 38)
2023-09-18 23:35:04,196 [myid:] - ERROR [main:o.a.z.r.l.ProtocolSupport@140] - [wasabi] Retry Loop 01 is called. MaxRetry : 10  stack trace element: org.junit.platform.engine.support.hierarchical.NodeTestTask.lambda$executeRecursively$5 (Line 143)
2023-09-18 23:35:04,197 [myid:] - ERROR [main:o.a.z.r.l.ProtocolSupport@140] - [wasabi] Retry Loop 01 is called. MaxRetry : 10  stack trace element: org.junit.platform.engine.support.hierarchical.NodeTestTask.lambda$executeRecursively$7 (Line 129)
2023-09-18 23:35:04,197 [myid:] - ERROR [main:o.a.z.r.l.ProtocolSupport@140] - [wasabi] Retry Loop 01 is called. MaxRetry : 10  stack trace element: org.junit.platform.engine.support.hierarchical.NodeTestTask.lambda$executeRecursively$8 (Line 127)
2023-09-18 23:35:04,197 [myid:] - ERROR [main:o.a.z.r.l.ProtocolSupport@140] - [wasabi] Retry Loop 01 is called. MaxRetry : 10  stack trace element: org.junit.platform.engine.support.hierarchical.NodeTestTask.executeRecursively (Line 126)
2023-09-18 23:35:04,197 [myid:] - ERROR [main:o.a.z.r.l.ProtocolSupport@140] - [wasabi] Retry Loop 01 is called. MaxRetry : 10  stack trace element: org.junit.platform.engine.support.hierarchical.NodeTestTask.execute (Line 84)
2023-09-18 23:35:04,197 [myid:] - ERROR [main:o.a.z.r.l.ProtocolSupport@140] - [wasabi] Retry Loop 01 is called. MaxRetry : 10  stack trace element: org.junit.platform.engine.support.hierarchical.SameThreadHierarchicalTestExecutorService.submit (Line 32)
2023-09-18 23:35:04,197 [myid:] - ERROR [main:o.a.z.r.l.ProtocolSupport@140] - [wasabi] Retry Loop 01 is called. MaxRetry : 10  stack trace element: org.junit.platform.engine.support.hierarchical.HierarchicalTestExecutor.execute (Line 57)
2023-09-18 23:35:04,198 [myid:] - ERROR [main:o.a.z.r.l.ProtocolSupport@140] - [wasabi] Retry Loop 01 is called. MaxRetry : 10  stack trace element: org.junit.platform.engine.support.hierarchical.HierarchicalTestEngine.execute (Line 51)
2023-09-18 23:35:04,200 [myid:] - ERROR [main:o.a.z.r.l.ProtocolSupport@140] - [wasabi] Retry Loop 01 is called. MaxRetry : 10  stack trace element: org.apache.zookeeper.recipes.lock.WriteLockTest.runTest (Line 119)
2023-09-18 23:35:04,200 [myid:] - ERROR [main:o.a.z.r.l.ProtocolSupport@140] - [wasabi] Retry Loop 01 is called. MaxRetry : 10  stack trace element: org.apache.zookeeper.recipes.lock.WriteLockTest.testRun (Line 45)
2023-09-18 23:35:04,200 [myid:] - ERROR [main:o.a.z.r.l.ProtocolSupport@140] - [wasabi] Retry Loop 01 is called. MaxRetry : 10  stack trace element: org.junit.jupiter.engine.descriptor.TestMethodTestDescriptor.lambda$invokeTestMethod$6 (Line 210)
2023-09-18 23:35:04,200 [myid:] - ERROR [main:o.a.z.r.l.ProtocolSupport@140] - [wasabi] Retry Loop 01 is called. MaxRetry : 10  stack trace element: org.junit.jupiter.engine.descriptor.TestMethodTestDescriptor.invokeTestMethod (Line 206)
2023-09-18 23:35:04,200 [myid:] - ERROR [main:o.a.z.r.l.ProtocolSupport@140] - [wasabi] Retry Loop 01 is called. MaxRetry : 10  stack trace element: org.junit.jupiter.engine.descriptor.TestMethodTestDescriptor.execute (Line 131)
2023-09-18 23:35:04,201 [myid:] - ERROR [main:o.a.z.r.l.ProtocolSupport@140] - [wasabi] Retry Loop 01 is called. MaxRetry : 10  stack trace element: org.junit.jupiter.engine.descriptor.TestMethodTestDescriptor.execute (Line 65)
2023-09-18 23:35:04,201 [myid:] - ERROR [main:o.a.z.r.l.ProtocolSupport@140] - [wasabi] Retry Loop 01 is called. MaxRetry : 10  stack trace element: org.junit.platform.engine.support.hierarchical.NodeTestTask.lambda$executeRecursively$5 (Line 139)
2023-09-18 23:35:04,201 [myid:] - ERROR [main:o.a.z.r.l.ProtocolSupport@140] - [wasabi] Retry Loop 01 is called. MaxRetry : 10  stack trace element: org.junit.platform.engine.support.hierarchical.NodeTestTask.lambda$executeRecursively$7 (Line 129)
2023-09-18 23:35:04,201 [myid:] - ERROR [main:o.a.z.r.l.ProtocolSupport@140] - [wasabi] Retry Loop 01 is called. MaxRetry : 10  stack trace element: org.junit.platform.engine.support.hierarchical.NodeTestTask.lambda$executeRecursively$8 (Line 127)
2023-09-18 23:35:04,201 [myid:] - ERROR [main:o.a.z.r.l.ProtocolSupport@140] - [wasabi] Retry Loop 01 is called. MaxRetry : 10  stack trace element: org.junit.platform.engine.support.hierarchical.NodeTestTask.executeRecursively (Line 126)
2023-09-18 23:35:04,201 [myid:] - ERROR [main:o.a.z.r.l.ProtocolSupport@140] - [wasabi] Retry Loop 01 is called. MaxRetry : 10  stack trace element: org.junit.platform.engine.support.hierarchical.NodeTestTask.execute (Line 84)
2023-09-18 23:35:04,201 [myid:] - ERROR [main:o.a.z.r.l.ProtocolSupport@140] - [wasabi] Retry Loop 01 is called. MaxRetry : 10  stack trace element: org.junit.platform.engine.support.hierarchical.SameThreadHierarchicalTestExecutorService.invokeAll (Line 38)
2023-09-18 23:35:04,202 [myid:] - ERROR [main:o.a.z.r.l.ProtocolSupport@140] - [wasabi] Retry Loop 01 is called. MaxRetry : 10  stack trace element: org.junit.platform.engine.support.hierarchical.NodeTestTask.lambda$executeRecursively$5 (Line 143)
2023-09-18 23:35:04,202 [myid:] - ERROR [main:o.a.z.r.l.ProtocolSupport@140] - [wasabi] Retry Loop 01 is called. MaxRetry : 10  stack trace element: org.junit.platform.engine.support.hierarchical.NodeTestTask.lambda$executeRecursively$7 (Line 129)
2023-09-18 23:35:04,202 [myid:] - ERROR [main:o.a.z.r.l.ProtocolSupport@140] - [wasabi] Retry Loop 01 is called. MaxRetry : 10  stack trace element: org.junit.platform.engine.support.hierarchical.NodeTestTask.lambda$executeRecursively$8 (Line 127)
2023-09-18 23:35:04,202 [myid:] - ERROR [main:o.a.z.r.l.ProtocolSupport@140] - [wasabi] Retry Loop 01 is called. MaxRetry : 10  stack trace element: org.junit.platform.engine.support.hierarchical.NodeTestTask.executeRecursively (Line 126)
2023-09-18 23:35:04,202 [myid:] - ERROR [main:o.a.z.r.l.ProtocolSupport@140] - [wasabi] Retry Loop 01 is called. MaxRetry : 10  stack trace element: org.junit.platform.engine.support.hierarchical.NodeTestTask.execute (Line 84)
2023-09-18 23:35:04,202 [myid:] - ERROR [main:o.a.z.r.l.ProtocolSupport@140] - [wasabi] Retry Loop 01 is called. MaxRetry : 10  stack trace element: org.junit.platform.engine.support.hierarchical.SameThreadHierarchicalTestExecutorService.invokeAll (Line 38)
2023-09-18 23:35:04,202 [myid:] - ERROR [main:o.a.z.r.l.ProtocolSupport@140] - [wasabi] Retry Loop 01 is called. MaxRetry : 10  stack trace element: org.junit.platform.engine.support.hierarchical.NodeTestTask.lambda$executeRecursively$5 (Line 143)
2023-09-18 23:35:04,202 [myid:] - ERROR [main:o.a.z.r.l.ProtocolSupport@140] - [wasabi] Retry Loop 01 is called. MaxRetry : 10  stack trace element: org.junit.platform.engine.support.hierarchical.NodeTestTask.lambda$executeRecursively$7 (Line 129)
2023-09-18 23:35:04,203 [myid:] - ERROR [main:o.a.z.r.l.ProtocolSupport@140] - [wasabi] Retry Loop 01 is called. MaxRetry : 10  stack trace element: org.junit.platform.engine.support.hierarchical.NodeTestTask.lambda$executeRecursively$8 (Line 127)
2023-09-18 23:35:04,203 [myid:] - ERROR [main:o.a.z.r.l.ProtocolSupport@140] - [wasabi] Retry Loop 01 is called. MaxRetry : 10  stack trace element: org.junit.platform.engine.support.hierarchical.NodeTestTask.executeRecursively (Line 126)
2023-09-18 23:35:04,203 [myid:] - ERROR [main:o.a.z.r.l.ProtocolSupport@140] - [wasabi] Retry Loop 01 is called. MaxRetry : 10  stack trace element: org.junit.platform.engine.support.hierarchical.NodeTestTask.execute (Line 84)
2023-09-18 23:35:04,203 [myid:] - ERROR [main:o.a.z.r.l.ProtocolSupport@140] - [wasabi] Retry Loop 01 is called. MaxRetry : 10  stack trace element: org.junit.platform.engine.support.hierarchical.SameThreadHierarchicalTestExecutorService.submit (Line 32)
2023-09-18 23:35:04,203 [myid:] - ERROR [main:o.a.z.r.l.ProtocolSupport@140] - [wasabi] Retry Loop 01 is called. MaxRetry : 10  stack trace element: org.junit.platform.engine.support.hierarchical.HierarchicalTestExecutor.execute (Line 57)
2023-09-18 23:35:04,203 [myid:] - ERROR [main:o.a.z.r.l.ProtocolSupport@140] - [wasabi] Retry Loop 01 is called. MaxRetry : 10  stack trace element: org.junit.platform.engine.support.hierarchical.HierarchicalTestEngine.execute (Line 51)
Calling acquire for node: 1
2023-09-18 23:35:04,211 [myid:] - ERROR [main:o.a.z.r.l.ProtocolSupport@140] - [wasabi] Retry Loop 01 is called. MaxRetry : 10  stack trace element: org.apache.zookeeper.recipes.lock.WriteLockTest.runTest (Line 119)
2023-09-18 23:35:04,211 [myid:] - ERROR [main:o.a.z.r.l.ProtocolSupport@140] - [wasabi] Retry Loop 01 is called. MaxRetry : 10  stack trace element: org.apache.zookeeper.recipes.lock.WriteLockTest.testRun (Line 45)
2023-09-18 23:35:04,211 [myid:] - ERROR [main:o.a.z.r.l.ProtocolSupport@140] - [wasabi] Retry Loop 01 is called. MaxRetry : 10  stack trace element: org.junit.jupiter.engine.descriptor.TestMethodTestDescriptor.lambda$invokeTestMethod$6 (Line 210)
2023-09-18 23:35:04,211 [myid:] - ERROR [main:o.a.z.r.l.ProtocolSupport@140] - [wasabi] Retry Loop 01 is called. MaxRetry : 10  stack trace element: org.junit.jupiter.engine.descriptor.TestMethodTestDescriptor.invokeTestMethod (Line 206)
2023-09-18 23:35:04,211 [myid:] - ERROR [main:o.a.z.r.l.ProtocolSupport@140] - [wasabi] Retry Loop 01 is called. MaxRetry : 10  stack trace element: org.junit.jupiter.engine.descriptor.TestMethodTestDescriptor.execute (Line 131)
2023-09-18 23:35:04,211 [myid:] - ERROR [main:o.a.z.r.l.ProtocolSupport@140] - [wasabi] Retry Loop 01 is called. MaxRetry : 10  stack trace element: org.junit.jupiter.engine.descriptor.TestMethodTestDescriptor.execute (Line 65)
2023-09-18 23:35:04,211 [myid:] - ERROR [main:o.a.z.r.l.ProtocolSupport@140] - [wasabi] Retry Loop 01 is called. MaxRetry : 10  stack trace element: org.junit.platform.engine.support.hierarchical.NodeTestTask.lambda$executeRecursively$5 (Line 139)
2023-09-18 23:35:04,212 [myid:] - ERROR [main:o.a.z.r.l.ProtocolSupport@140] - [wasabi] Retry Loop 01 is called. MaxRetry : 10  stack trace element: org.junit.platform.engine.support.hierarchical.NodeTestTask.lambda$executeRecursively$7 (Line 129)
2023-09-18 23:35:04,212 [myid:] - ERROR [main:o.a.z.r.l.ProtocolSupport@140] - [wasabi] Retry Loop 01 is called. MaxRetry : 10  stack trace element: org.junit.platform.engine.support.hierarchical.NodeTestTask.lambda$executeRecursively$8 (Line 127)
2023-09-18 23:35:04,212 [myid:] - ERROR [main:o.a.z.r.l.ProtocolSupport@140] - [wasabi] Retry Loop 01 is called. MaxRetry : 10  stack trace element: org.junit.platform.engine.support.hierarchical.NodeTestTask.executeRecursively (Line 126)
2023-09-18 23:35:04,212 [myid:] - ERROR [main:o.a.z.r.l.ProtocolSupport@140] - [wasabi] Retry Loop 01 is called. MaxRetry : 10  stack trace element: org.junit.platform.engine.support.hierarchical.NodeTestTask.execute (Line 84)
2023-09-18 23:35:04,212 [myid:] - ERROR [main:o.a.z.r.l.ProtocolSupport@140] - [wasabi] Retry Loop 01 is called. MaxRetry : 10  stack trace element: org.junit.platform.engine.support.hierarchical.SameThreadHierarchicalTestExecutorService.invokeAll (Line 38)
2023-09-18 23:35:04,213 [myid:] - ERROR [main:o.a.z.r.l.ProtocolSupport@140] - [wasabi] Retry Loop 01 is called. MaxRetry : 10  stack trace element: org.junit.platform.engine.support.hierarchical.NodeTestTask.lambda$executeRecursively$5 (Line 143)
2023-09-18 23:35:04,213 [myid:] - ERROR [main:o.a.z.r.l.ProtocolSupport@140] - [wasabi] Retry Loop 01 is called. MaxRetry : 10  stack trace element: org.junit.platform.engine.support.hierarchical.NodeTestTask.lambda$executeRecursively$7 (Line 129)
2023-09-18 23:35:04,213 [myid:] - ERROR [main:o.a.z.r.l.ProtocolSupport@140] - [wasabi] Retry Loop 01 is called. MaxRetry : 10  stack trace element: org.junit.platform.engine.support.hierarchical.NodeTestTask.lambda$executeRecursively$8 (Line 127)
2023-09-18 23:35:04,213 [myid:] - ERROR [main:o.a.z.r.l.ProtocolSupport@140] - [wasabi] Retry Loop 01 is called. MaxRetry : 10  stack trace element: org.junit.platform.engine.support.hierarchical.NodeTestTask.executeRecursively (Line 126)
2023-09-18 23:35:04,213 [myid:] - ERROR [main:o.a.z.r.l.ProtocolSupport@140] - [wasabi] Retry Loop 01 is called. MaxRetry : 10  stack trace element: org.junit.platform.engine.support.hierarchical.NodeTestTask.execute (Line 84)
2023-09-18 23:35:04,214 [myid:] - ERROR [main:o.a.z.r.l.ProtocolSupport@140] - [wasabi] Retry Loop 01 is called. MaxRetry : 10  stack trace element: org.junit.platform.engine.support.hierarchical.SameThreadHierarchicalTestExecutorService.invokeAll (Line 38)
2023-09-18 23:35:04,214 [myid:] - ERROR [main:o.a.z.r.l.ProtocolSupport@140] - [wasabi] Retry Loop 01 is called. MaxRetry : 10  stack trace element: org.junit.platform.engine.support.hierarchical.NodeTestTask.lambda$executeRecursively$5 (Line 143)
2023-09-18 23:35:04,214 [myid:] - ERROR [main:o.a.z.r.l.ProtocolSupport@140] - [wasabi] Retry Loop 01 is called. MaxRetry : 10  stack trace element: org.junit.platform.engine.support.hierarchical.NodeTestTask.lambda$executeRecursively$7 (Line 129)
2023-09-18 23:35:04,214 [myid:] - ERROR [main:o.a.z.r.l.ProtocolSupport@140] - [wasabi] Retry Loop 01 is called. MaxRetry : 10  stack trace element: org.junit.platform.engine.support.hierarchical.NodeTestTask.lambda$executeRecursively$8 (Line 127)
2023-09-18 23:35:04,214 [myid:] - ERROR [main:o.a.z.r.l.ProtocolSupport@140] - [wasabi] Retry Loop 01 is called. MaxRetry : 10  stack trace element: org.junit.platform.engine.support.hierarchical.NodeTestTask.executeRecursively (Line 126)
2023-09-18 23:35:04,214 [myid:] - ERROR [main:o.a.z.r.l.ProtocolSupport@140] - [wasabi] Retry Loop 01 is called. MaxRetry : 10  stack trace element: org.junit.platform.engine.support.hierarchical.NodeTestTask.execute (Line 84)
2023-09-18 23:35:04,215 [myid:] - ERROR [main:o.a.z.r.l.ProtocolSupport@140] - [wasabi] Retry Loop 01 is called. MaxRetry : 10  stack trace element: org.junit.platform.engine.support.hierarchical.SameThreadHierarchicalTestExecutorService.submit (Line 32)
2023-09-18 23:35:04,215 [myid:] - ERROR [main:o.a.z.r.l.ProtocolSupport@140] - [wasabi] Retry Loop 01 is called. MaxRetry : 10  stack trace element: org.junit.platform.engine.support.hierarchical.HierarchicalTestExecutor.execute (Line 57)
2023-09-18 23:35:04,215 [myid:] - ERROR [main:o.a.z.r.l.ProtocolSupport@140] - [wasabi] Retry Loop 01 is called. MaxRetry : 10  stack trace element: org.junit.platform.engine.support.hierarchical.HierarchicalTestEngine.execute (Line 51)
2023-09-18 23:35:04,217 [myid:] - ERROR [main:o.a.z.r.l.ProtocolSupport@140] - [wasabi] Retry Loop 01 is called. MaxRetry : 10  stack trace element: org.apache.zookeeper.recipes.lock.WriteLockTest.runTest (Line 119)
2023-09-18 23:35:04,217 [myid:] - ERROR [main:o.a.z.r.l.ProtocolSupport@140] - [wasabi] Retry Loop 01 is called. MaxRetry : 10  stack trace element: org.apache.zookeeper.recipes.lock.WriteLockTest.testRun (Line 45)
2023-09-18 23:35:04,218 [myid:] - ERROR [main:o.a.z.r.l.ProtocolSupport@140] - [wasabi] Retry Loop 01 is called. MaxRetry : 10  stack trace element: org.junit.jupiter.engine.descriptor.TestMethodTestDescriptor.lambda$invokeTestMethod$6 (Line 210)
2023-09-18 23:35:04,218 [myid:] - ERROR [main:o.a.z.r.l.ProtocolSupport@140] - [wasabi] Retry Loop 01 is called. MaxRetry : 10  stack trace element: org.junit.jupiter.engine.descriptor.TestMethodTestDescriptor.invokeTestMethod (Line 206)
2023-09-18 23:35:04,218 [myid:] - ERROR [main:o.a.z.r.l.ProtocolSupport@140] - [wasabi] Retry Loop 01 is called. MaxRetry : 10  stack trace element: org.junit.jupiter.engine.descriptor.TestMethodTestDescriptor.execute (Line 131)
2023-09-18 23:35:04,218 [myid:] - ERROR [main:o.a.z.r.l.ProtocolSupport@140] - [wasabi] Retry Loop 01 is called. MaxRetry : 10  stack trace element: org.junit.jupiter.engine.descriptor.TestMethodTestDescriptor.execute (Line 65)
2023-09-18 23:35:04,218 [myid:] - ERROR [main:o.a.z.r.l.ProtocolSupport@140] - [wasabi] Retry Loop 01 is called. MaxRetry : 10  stack trace element: org.junit.platform.engine.support.hierarchical.NodeTestTask.lambda$executeRecursively$5 (Line 139)
2023-09-18 23:35:04,218 [myid:] - ERROR [main:o.a.z.r.l.ProtocolSupport@140] - [wasabi] Retry Loop 01 is called. MaxRetry : 10  stack trace element: org.junit.platform.engine.support.hierarchical.NodeTestTask.lambda$executeRecursively$7 (Line 129)
2023-09-18 23:35:04,218 [myid:] - ERROR [main:o.a.z.r.l.ProtocolSupport@140] - [wasabi] Retry Loop 01 is called. MaxRetry : 10  stack trace element: org.junit.platform.engine.support.hierarchical.NodeTestTask.lambda$executeRecursively$8 (Line 127)
2023-09-18 23:35:04,218 [myid:] - ERROR [main:o.a.z.r.l.ProtocolSupport@140] - [wasabi] Retry Loop 01 is called. MaxRetry : 10  stack trace element: org.junit.platform.engine.support.hierarchical.NodeTestTask.executeRecursively (Line 126)
2023-09-18 23:35:04,218 [myid:] - ERROR [main:o.a.z.r.l.ProtocolSupport@140] - [wasabi] Retry Loop 01 is called. MaxRetry : 10  stack trace element: org.junit.platform.engine.support.hierarchical.NodeTestTask.execute (Line 84)
2023-09-18 23:35:04,219 [myid:] - ERROR [main:o.a.z.r.l.ProtocolSupport@140] - [wasabi] Retry Loop 01 is called. MaxRetry : 10  stack trace element: org.junit.platform.engine.support.hierarchical.SameThreadHierarchicalTestExecutorService.invokeAll (Line 38)
2023-09-18 23:35:04,219 [myid:] - ERROR [main:o.a.z.r.l.ProtocolSupport@140] - [wasabi] Retry Loop 01 is called. MaxRetry : 10  stack trace element: org.junit.platform.engine.support.hierarchical.NodeTestTask.lambda$executeRecursively$5 (Line 143)
2023-09-18 23:35:04,219 [myid:] - ERROR [main:o.a.z.r.l.ProtocolSupport@140] - [wasabi] Retry Loop 01 is called. MaxRetry : 10  stack trace element: org.junit.platform.engine.support.hierarchical.NodeTestTask.lambda$executeRecursively$7 (Line 129)
2023-09-18 23:35:04,219 [myid:] - ERROR [main:o.a.z.r.l.ProtocolSupport@140] - [wasabi] Retry Loop 01 is called. MaxRetry : 10  stack trace element: org.junit.platform.engine.support.hierarchical.NodeTestTask.lambda$executeRecursively$8 (Line 127)
2023-09-18 23:35:04,219 [myid:] - ERROR [main:o.a.z.r.l.ProtocolSupport@140] - [wasabi] Retry Loop 01 is called. MaxRetry : 10  stack trace element: org.junit.platform.engine.support.hierarchical.NodeTestTask.executeRecursively (Line 126)
2023-09-18 23:35:04,219 [myid:] - ERROR [main:o.a.z.r.l.ProtocolSupport@140] - [wasabi] Retry Loop 01 is called. MaxRetry : 10  stack trace element: org.junit.platform.engine.support.hierarchical.NodeTestTask.execute (Line 84)
2023-09-18 23:35:04,220 [myid:] - ERROR [main:o.a.z.r.l.ProtocolSupport@140] - [wasabi] Retry Loop 01 is called. MaxRetry : 10  stack trace element: org.junit.platform.engine.support.hierarchical.SameThreadHierarchicalTestExecutorService.invokeAll (Line 38)
2023-09-18 23:35:04,220 [myid:] - ERROR [main:o.a.z.r.l.ProtocolSupport@140] - [wasabi] Retry Loop 01 is called. MaxRetry : 10  stack trace element: org.junit.platform.engine.support.hierarchical.NodeTestTask.lambda$executeRecursively$5 (Line 143)
2023-09-18 23:35:04,220 [myid:] - ERROR [main:o.a.z.r.l.ProtocolSupport@140] - [wasabi] Retry Loop 01 is called. MaxRetry : 10  stack trace element: org.junit.platform.engine.support.hierarchical.NodeTestTask.lambda$executeRecursively$7 (Line 129)
2023-09-18 23:35:04,220 [myid:] - ERROR [main:o.a.z.r.l.ProtocolSupport@140] - [wasabi] Retry Loop 01 is called. MaxRetry : 10  stack trace element: org.junit.platform.engine.support.hierarchical.NodeTestTask.lambda$executeRecursively$8 (Line 127)
2023-09-18 23:35:04,220 [myid:] - ERROR [main:o.a.z.r.l.ProtocolSupport@140] - [wasabi] Retry Loop 01 is called. MaxRetry : 10  stack trace element: org.junit.platform.engine.support.hierarchical.NodeTestTask.executeRecursively (Line 126)
2023-09-18 23:35:04,220 [myid:] - ERROR [main:o.a.z.r.l.ProtocolSupport@140] - [wasabi] Retry Loop 01 is called. MaxRetry : 10  stack trace element: org.junit.platform.engine.support.hierarchical.NodeTestTask.execute (Line 84)
2023-09-18 23:35:04,221 [myid:] - ERROR [main:o.a.z.r.l.ProtocolSupport@140] - [wasabi] Retry Loop 01 is called. MaxRetry : 10  stack trace element: org.junit.platform.engine.support.hierarchical.SameThreadHierarchicalTestExecutorService.submit (Line 32)
2023-09-18 23:35:04,221 [myid:] - ERROR [main:o.a.z.r.l.ProtocolSupport@140] - [wasabi] Retry Loop 01 is called. MaxRetry : 10  stack trace element: org.junit.platform.engine.support.hierarchical.HierarchicalTestExecutor.execute (Line 57)
2023-09-18 23:35:04,221 [myid:] - ERROR [main:o.a.z.r.l.ProtocolSupport@140] - [wasabi] Retry Loop 01 is called. MaxRetry : 10  stack trace element: org.junit.platform.engine.support.hierarchical.HierarchicalTestEngine.execute (Line 51)
node: 0 id: /org.apache.zookeeper.recipes.lock.WriteLockTest/x-72059638586998784-0000000003 is leader: false
node: 1 id: /org.apache.zookeeper.recipes.lock.WriteLockTest/x-72059638586998785-0000000001 is leader: true
node: 2 id: /org.apache.zookeeper.recipes.lock.WriteLockTest/x-72059638586998786-0000000002 is leader: false
Now closing down...
Closing node: 0
Closing zookeeper: 0
Closed zookeeper: 0
Closing node: 1
Closing zookeeper: 1
Closed zookeeper: 1
Closing node: 2
Not closing zookeeper: 2 due to bug!
Now lets stop the server
2023-09-18 23:35:04,591 [myid:] - ERROR [main:o.w.l.WasabiListener5@30] - [wasabi] testRun() is finished
2023-09-18 23:35:04,591 [myid:] - ERROR [main:o.w.l.WasabiListener5@31] - [WASABIEND]
]]></system-out>
  </testcase>
</testsuite>