<?xml version="1.0" encoding="UTF-8"?>
<testsuite xmlns:xsi="http://www.w3.org/2001/XMLSchema-instance" xsi:noNamespaceSchemaLocation="https://maven.apache.org/surefire/maven-surefire-plugin/xsd/surefire-test-report-3.0.xsd" version="3.0" name="org.apache.zookeeper.recipes.leader.LeaderElectionSupportTest" time="30.245" tests="8" errors="0" skipped="0" failures="0">
  <properties>
    <property name="sun.desktop" value="gnome"/>
    <property name="build.test.dir" value="/home/asus/Documents/zookeeper/zookeeper-recipes/zookeeper-recipes-election/target/surefire"/>
    <property name="awt.toolkit" value="sun.awt.X11.XToolkit"/>
    <property name="jdk.tls.rejectClientInitiatedRenegotiation" value="true"/>
    <property name="java.specification.version" value="1.8"/>
    <property name="file.encoding.pkg" value="sun.io"/>
    <property name="sun.cpu.isalist" value=""/>
    <property name="sun.jnu.encoding" value="UTF-8"/>
    <property name="java.class.path" value="/home/asus/Documents/zookeeper/zookeeper-recipes/zookeeper-recipes-election/target/test-classes:/home/asus/Documents/zookeeper/zookeeper-recipes/zookeeper-recipes-election/target/classes:/home/asus/Documents/zookeeper/zookeeper-server/target/classes:/home/asus/Documents/zookeeper/zookeeper-jute/target/classes:/home/asus/.m2/repository/org/apache/yetus/audience-annotations/0.12.0/audience-annotations-0.12.0.jar:/home/asus/.m2/repository/io/netty/netty-handler/4.1.94.Final/netty-handler-4.1.94.Final.jar:/home/asus/.m2/repository/io/netty/netty-common/4.1.94.Final/netty-common-4.1.94.Final.jar:/home/asus/.m2/repository/io/netty/netty-resolver/4.1.94.Final/netty-resolver-4.1.94.Final.jar:/home/asus/.m2/repository/io/netty/netty-buffer/4.1.94.Final/netty-buffer-4.1.94.Final.jar:/home/asus/.m2/repository/io/netty/netty-transport/4.1.94.Final/netty-transport-4.1.94.Final.jar:/home/asus/.m2/repository/io/netty/netty-transport-native-unix-common/4.1.94.Final/netty-transport-native-unix-common-4.1.94.Final.jar:/home/asus/.m2/repository/io/netty/netty-codec/4.1.94.Final/netty-codec-4.1.94.Final.jar:/home/asus/.m2/repository/io/netty/netty-transport-native-epoll/4.1.94.Final/netty-transport-native-epoll-4.1.94.Final-linux-x86_64.jar:/home/asus/.m2/repository/io/netty/netty-transport-classes-epoll/4.1.94.Final/netty-transport-classes-epoll-4.1.94.Final.jar:/home/asus/.m2/repository/io/netty/netty-tcnative-boringssl-static/2.0.61.Final/netty-tcnative-boringssl-static-2.0.61.Final.jar:/home/asus/.m2/repository/io/netty/netty-tcnative-classes/2.0.61.Final/netty-tcnative-classes-2.0.61.Final.jar:/home/asus/.m2/repository/io/netty/netty-tcnative-boringssl-static/2.0.61.Final/netty-tcnative-boringssl-static-2.0.61.Final-linux-x86_64.jar:/home/asus/.m2/repository/io/netty/netty-tcnative-boringssl-static/2.0.61.Final/netty-tcnative-boringssl-static-2.0.61.Final-linux-aarch_64.jar:/home/asus/.m2/repository/io/netty/netty-tcnative-boringssl-static/2.0.61.Final/netty-tcnative-boringssl-static-2.0.61.Final-osx-x86_64.jar:/home/asus/.m2/repository/io/netty/netty-tcnative-boringssl-static/2.0.61.Final/netty-tcnative-boringssl-static-2.0.61.Final-osx-aarch_64.jar:/home/asus/.m2/repository/io/netty/netty-tcnative-boringssl-static/2.0.61.Final/netty-tcnative-boringssl-static-2.0.61.Final-windows-x86_64.jar:/home/asus/.m2/repository/org/slf4j/slf4j-api/1.7.30/slf4j-api-1.7.30.jar:/home/asus/.m2/repository/ch/qos/logback/logback-core/1.2.10/logback-core-1.2.10.jar:/home/asus/.m2/repository/ch/qos/logback/logback-classic/1.2.10/logback-classic-1.2.10.jar:/home/asus/.m2/repository/commons-io/commons-io/2.11.0/commons-io-2.11.0.jar:/home/asus/.m2/repository/org/wasabi/logger/logger-project/1.0-SNAPSHOT/logger-project-1.0-SNAPSHOT.jar:/home/asus/.m2/repository/junit/junit/4.13.2/junit-4.13.2.jar:/home/asus/.m2/repository/org/hamcrest/hamcrest-core/1.3/hamcrest-core-1.3.jar:/home/asus/.m2/repository/org/apache/logging/log4j/log4j-slf4j-impl/2.18.0/log4j-slf4j-impl-2.18.0.jar:/home/asus/.m2/repository/org/apache/logging/log4j/log4j-api/2.18.0/log4j-api-2.18.0.jar:/home/asus/.m2/repository/org/apache/logging/log4j/log4j-core/2.18.0/log4j-core-2.18.0.jar:/home/asus/.m2/repository/org/junit/vintage/junit-vintage-engine/5.7.2/junit-vintage-engine-5.7.2.jar:/home/asus/.m2/repository/org/junit/jupiter/junit-jupiter-api/5.7.2/junit-jupiter-api-5.7.2.jar:/home/asus/.m2/repository/org/opentest4j/opentest4j/1.2.0/opentest4j-1.2.0.jar:/home/asus/.m2/repository/org/junit/platform/junit-platform-commons/1.7.0/junit-platform-commons-1.7.0.jar:/home/asus/.m2/repository/org/junit/platform/junit-platform-launcher/1.8.2/junit-platform-launcher-1.8.2.jar:/home/asus/Documents/zookeeper/zookeeper-server/target/test-classes:/home/asus/.m2/repository/org/xerial/snappy/snappy-java/1.1.10.1/snappy-java-1.1.10.1.jar:/home/asus/.m2/repository/org/junit/jupiter/junit-jupiter-engine/5.7.2/junit-jupiter-engine-5.7.2.jar:/home/asus/.m2/repository/org/apiguardian/apiguardian-api/1.1.0/apiguardian-api-1.1.0.jar:/home/asus/.m2/repository/org/junit/platform/junit-platform-engine/1.7.2/junit-platform-engine-1.7.2.jar:/home/asus/.m2/repository/io/dropwizard/metrics/metrics-core/4.1.12.1/metrics-core-4.1.12.1.jar:/home/asus/.m2/repository/com/github/spotbugs/spotbugs-annotations/4.0.2/spotbugs-annotations-4.0.2.jar:/home/asus/.m2/repository/com/google/code/findbugs/jsr305/3.0.2/jsr305-3.0.2.jar:"/>
    <property name="java.vm.vendor" value="Oracle Corporation"/>
    <property name="sun.arch.data.model" value="64"/>
    <property name="zookeeper.preAllocSize" value="100"/>
    <property name="java.vendor.url" value="http://java.oracle.com/"/>
    <property name="user.timezone" value="Asia/Jakarta"/>
    <property name="java.vm.specification.version" value="1.8"/>
    <property name="os.name" value="Linux"/>
    <property name="user.country" value="US"/>
    <property name="sun.java.launcher" value="SUN_STANDARD"/>
    <property name="sun.boot.library.path" value="/usr/lib/jvm/jdk1.8.0_381/jre/lib/amd64"/>
    <property name="sun.java.command" value="/home/asus/Documents/zookeeper/zookeeper-recipes/zookeeper-recipes-election/target/surefire/surefirebooter7997299152575166122.jar /home/asus/Documents/zookeeper/zookeeper-recipes/zookeeper-recipes-election/target/surefire 2023-09-18T23-28-16_975-jvmRun1 surefire874059162647619426tmp surefire_151733801936652900273tmp"/>
    <property name="surefire.test.class.path" value="/home/asus/Documents/zookeeper/zookeeper-recipes/zookeeper-recipes-election/target/test-classes:/home/asus/Documents/zookeeper/zookeeper-recipes/zookeeper-recipes-election/target/classes:/home/asus/Documents/zookeeper/zookeeper-server/target/classes:/home/asus/Documents/zookeeper/zookeeper-jute/target/classes:/home/asus/.m2/repository/org/apache/yetus/audience-annotations/0.12.0/audience-annotations-0.12.0.jar:/home/asus/.m2/repository/io/netty/netty-handler/4.1.94.Final/netty-handler-4.1.94.Final.jar:/home/asus/.m2/repository/io/netty/netty-common/4.1.94.Final/netty-common-4.1.94.Final.jar:/home/asus/.m2/repository/io/netty/netty-resolver/4.1.94.Final/netty-resolver-4.1.94.Final.jar:/home/asus/.m2/repository/io/netty/netty-buffer/4.1.94.Final/netty-buffer-4.1.94.Final.jar:/home/asus/.m2/repository/io/netty/netty-transport/4.1.94.Final/netty-transport-4.1.94.Final.jar:/home/asus/.m2/repository/io/netty/netty-transport-native-unix-common/4.1.94.Final/netty-transport-native-unix-common-4.1.94.Final.jar:/home/asus/.m2/repository/io/netty/netty-codec/4.1.94.Final/netty-codec-4.1.94.Final.jar:/home/asus/.m2/repository/io/netty/netty-transport-native-epoll/4.1.94.Final/netty-transport-native-epoll-4.1.94.Final-linux-x86_64.jar:/home/asus/.m2/repository/io/netty/netty-transport-classes-epoll/4.1.94.Final/netty-transport-classes-epoll-4.1.94.Final.jar:/home/asus/.m2/repository/io/netty/netty-tcnative-boringssl-static/2.0.61.Final/netty-tcnative-boringssl-static-2.0.61.Final.jar:/home/asus/.m2/repository/io/netty/netty-tcnative-classes/2.0.61.Final/netty-tcnative-classes-2.0.61.Final.jar:/home/asus/.m2/repository/io/netty/netty-tcnative-boringssl-static/2.0.61.Final/netty-tcnative-boringssl-static-2.0.61.Final-linux-x86_64.jar:/home/asus/.m2/repository/io/netty/netty-tcnative-boringssl-static/2.0.61.Final/netty-tcnative-boringssl-static-2.0.61.Final-linux-aarch_64.jar:/home/asus/.m2/repository/io/netty/netty-tcnative-boringssl-static/2.0.61.Final/netty-tcnative-boringssl-static-2.0.61.Final-osx-x86_64.jar:/home/asus/.m2/repository/io/netty/netty-tcnative-boringssl-static/2.0.61.Final/netty-tcnative-boringssl-static-2.0.61.Final-osx-aarch_64.jar:/home/asus/.m2/repository/io/netty/netty-tcnative-boringssl-static/2.0.61.Final/netty-tcnative-boringssl-static-2.0.61.Final-windows-x86_64.jar:/home/asus/.m2/repository/org/slf4j/slf4j-api/1.7.30/slf4j-api-1.7.30.jar:/home/asus/.m2/repository/ch/qos/logback/logback-core/1.2.10/logback-core-1.2.10.jar:/home/asus/.m2/repository/ch/qos/logback/logback-classic/1.2.10/logback-classic-1.2.10.jar:/home/asus/.m2/repository/commons-io/commons-io/2.11.0/commons-io-2.11.0.jar:/home/asus/.m2/repository/org/wasabi/logger/logger-project/1.0-SNAPSHOT/logger-project-1.0-SNAPSHOT.jar:/home/asus/.m2/repository/junit/junit/4.13.2/junit-4.13.2.jar:/home/asus/.m2/repository/org/hamcrest/hamcrest-core/1.3/hamcrest-core-1.3.jar:/home/asus/.m2/repository/org/apache/logging/log4j/log4j-slf4j-impl/2.18.0/log4j-slf4j-impl-2.18.0.jar:/home/asus/.m2/repository/org/apache/logging/log4j/log4j-api/2.18.0/log4j-api-2.18.0.jar:/home/asus/.m2/repository/org/apache/logging/log4j/log4j-core/2.18.0/log4j-core-2.18.0.jar:/home/asus/.m2/repository/org/junit/vintage/junit-vintage-engine/5.7.2/junit-vintage-engine-5.7.2.jar:/home/asus/.m2/repository/org/junit/jupiter/junit-jupiter-api/5.7.2/junit-jupiter-api-5.7.2.jar:/home/asus/.m2/repository/org/opentest4j/opentest4j/1.2.0/opentest4j-1.2.0.jar:/home/asus/.m2/repository/org/junit/platform/junit-platform-commons/1.7.0/junit-platform-commons-1.7.0.jar:/home/asus/.m2/repository/org/junit/platform/junit-platform-launcher/1.8.2/junit-platform-launcher-1.8.2.jar:/home/asus/Documents/zookeeper/zookeeper-server/target/test-classes:/home/asus/.m2/repository/org/xerial/snappy/snappy-java/1.1.10.1/snappy-java-1.1.10.1.jar:/home/asus/.m2/repository/org/junit/jupiter/junit-jupiter-engine/5.7.2/junit-jupiter-engine-5.7.2.jar:/home/asus/.m2/repository/org/apiguardian/apiguardian-api/1.1.0/apiguardian-api-1.1.0.jar:/home/asus/.m2/repository/org/junit/platform/junit-platform-engine/1.7.2/junit-platform-engine-1.7.2.jar:/home/asus/.m2/repository/io/dropwizard/metrics/metrics-core/4.1.12.1/metrics-core-4.1.12.1.jar:/home/asus/.m2/repository/com/github/spotbugs/spotbugs-annotations/4.0.2/spotbugs-annotations-4.0.2.jar:/home/asus/.m2/repository/com/google/code/findbugs/jsr305/3.0.2/jsr305-3.0.2.jar:"/>
    <property name="sun.cpu.endian" value="little"/>
    <property name="user.home" value="/home/asus"/>
    <property name="user.language" value="en"/>
    <property name="java.specification.vendor" value="Oracle Corporation"/>
    <property name="java.home" value="/usr/lib/jvm/jdk1.8.0_381/jre"/>
    <property name="basedir" value="/home/asus/Documents/zookeeper/zookeeper-recipes/zookeeper-recipes-election"/>
    <property name="file.separator" value="/"/>
    <property name="line.separator" value="&#10;"/>
    <property name="java.vm.specification.vendor" value="Oracle Corporation"/>
    <property name="java.specification.name" value="Java Platform API Specification"/>
    <property name="java.awt.graphicsenv" value="sun.awt.X11GraphicsEnvironment"/>
    <property name="surefire.real.class.path" value="/home/asus/Documents/zookeeper/zookeeper-recipes/zookeeper-recipes-election/target/surefire/surefirebooter7997299152575166122.jar"/>
    <property name="sun.boot.class.path" value="/usr/lib/jvm/jdk1.8.0_381/jre/lib/resources.jar:/usr/lib/jvm/jdk1.8.0_381/jre/lib/rt.jar:/usr/lib/jvm/jdk1.8.0_381/jre/lib/jsse.jar:/usr/lib/jvm/jdk1.8.0_381/jre/lib/jce.jar:/usr/lib/jvm/jdk1.8.0_381/jre/lib/charsets.jar:/usr/lib/jvm/jdk1.8.0_381/jre/lib/jfr.jar:/usr/lib/jvm/jdk1.8.0_381/jre/classes"/>
    <property name="zookeeper.admin.rateLimiterIntervalInMS" value="0"/>
    <property name="sun.management.compiler" value="HotSpot 64-Bit Tiered Compilers"/>
    <property name="java.runtime.version" value="1.8.0_381-b09"/>
    <property name="zookeeper.4lw.commands.whitelist" value="*"/>
    <property name="user.name" value="asus"/>
    <property name="path.separator" value=":"/>
    <property name="os.version" value="6.2.0-32-generic"/>
    <property name="java.endorsed.dirs" value="/usr/lib/jvm/jdk1.8.0_381/jre/lib/endorsed"/>
    <property name="zookeeper.admin.enableServer" value="false"/>
    <property name="java.runtime.name" value="Java(TM) SE Runtime Environment"/>
    <property name="file.encoding" value="UTF-8"/>
    <property name="java.vm.name" value="Java HotSpot(TM) 64-Bit Server VM"/>
    <property name="localRepository" value="/home/asus/.m2/repository"/>
    <property name="java.vendor.url.bug" value="http://bugreport.sun.com/bugreport/"/>
    <property name="java.io.tmpdir" value="/tmp"/>
    <property name="java.version" value="1.8.0_381"/>
    <property name="user.dir" value="/home/asus/Documents/zookeeper/zookeeper-recipes/zookeeper-recipes-election"/>
    <property name="os.arch" value="amd64"/>
    <property name="java.vm.specification.name" value="Java Virtual Machine Specification"/>
    <property name="java.awt.printerjob" value="sun.print.PSPrinterJob"/>
    <property name="sun.os.patch.level" value="unknown"/>
    <property name="java.library.path" value="/usr/java/packages/lib/amd64:/usr/lib64:/lib64:/lib:/usr/lib"/>
    <property name="java.vm.info" value="mixed mode"/>
    <property name="java.vendor" value="Oracle Corporation"/>
    <property name="java.vm.version" value="25.381-b09"/>
    <property name="java.specification.maintenance.version" value="5"/>
    <property name="java.ext.dirs" value="/usr/lib/jvm/jdk1.8.0_381/jre/lib/ext:/usr/java/packages/lib/ext"/>
    <property name="sun.io.unicode.encoding" value="UnicodeLittle"/>
    <property name="java.class.version" value="52.0"/>
    <property name="maven.test.failure.ignore" value="true"/>
  </properties>
  <testcase name="testNode" classname="org.apache.zookeeper.recipes.leader.LeaderElectionSupportTest" time="3.409">
    <system-out><![CDATA[2023-09-18 23:34:11,986 [myid:] - ERROR [main:o.w.l.WasabiListener5@22] - [WASABISTART]
2023-09-18 23:34:11,987 [myid:] - ERROR [main:o.w.l.WasabiListener5@23] - [wasabi] testNode() is started
2023-09-18 23:34:15,394 [myid:] - ERROR [main:o.w.l.WasabiListener5@30] - [wasabi] testNode() is finished
2023-09-18 23:34:15,395 [myid:] - ERROR [main:o.w.l.WasabiListener5@31] - [WASABIEND]
]]></system-out>
  </testcase>
  <testcase name="testOfferShuffle" classname="org.apache.zookeeper.recipes.leader.LeaderElectionSupportTest" time="10.194">
    <system-out><![CDATA[2023-09-18 23:34:15,400 [myid:] - ERROR [main:o.w.l.WasabiListener5@22] - [WASABISTART]
2023-09-18 23:34:15,401 [myid:] - ERROR [main:o.w.l.WasabiListener5@23] - [wasabi] testOfferShuffle() is started
2023-09-18 23:34:25,594 [myid:] - ERROR [main:o.w.l.WasabiListener5@30] - [wasabi] testOfferShuffle() is finished
2023-09-18 23:34:25,595 [myid:] - ERROR [main:o.w.l.WasabiListener5@31] - [WASABIEND]
]]></system-out>
  </testcase>
  <testcase name="testReadyOffer" classname="org.apache.zookeeper.recipes.leader.LeaderElectionSupportTest" time="0.196">
    <system-out><![CDATA[2023-09-18 23:34:25,599 [myid:] - ERROR [main:o.w.l.WasabiListener5@22] - [WASABISTART]
2023-09-18 23:34:25,600 [myid:] - ERROR [main:o.w.l.WasabiListener5@23] - [wasabi] testReadyOffer() is started
2023-09-18 23:34:25,796 [myid:] - ERROR [main:o.w.l.WasabiListener5@30] - [wasabi] testReadyOffer() is finished
2023-09-18 23:34:25,797 [myid:] - ERROR [main:o.w.l.WasabiListener5@31] - [WASABIEND]
]]></system-out>
  </testcase>
  <testcase name="testGetLeaderHostName" classname="org.apache.zookeeper.recipes.leader.LeaderElectionSupportTest" time="3.193">
    <system-out><![CDATA[2023-09-18 23:34:25,801 [myid:] - ERROR [main:o.w.l.WasabiListener5@22] - [WASABISTART]
2023-09-18 23:34:25,801 [myid:] - ERROR [main:o.w.l.WasabiListener5@23] - [wasabi] testGetLeaderHostName() is started
2023-09-18 23:34:28,992 [myid:] - ERROR [main:o.w.l.WasabiListener5@30] - [wasabi] testGetLeaderHostName() is finished
2023-09-18 23:34:28,994 [myid:] - ERROR [main:o.w.l.WasabiListener5@31] - [WASABIEND]
]]></system-out>
  </testcase>
  <testcase name="testNodes3" classname="org.apache.zookeeper.recipes.leader.LeaderElectionSupportTest" time="3.173">
    <system-out><![CDATA[2023-09-18 23:34:28,999 [myid:] - ERROR [main:o.w.l.WasabiListener5@22] - [WASABISTART]
2023-09-18 23:34:29,000 [myid:] - ERROR [main:o.w.l.WasabiListener5@23] - [wasabi] testNodes3() is started
2023-09-18 23:34:32,173 [myid:] - ERROR [main:o.w.l.WasabiListener5@30] - [wasabi] testNodes3() is finished
2023-09-18 23:34:32,173 [myid:] - ERROR [main:o.w.l.WasabiListener5@31] - [WASABIEND]
]]></system-out>
  </testcase>
  <testcase name="testNodes9" classname="org.apache.zookeeper.recipes.leader.LeaderElectionSupportTest" time="3.178">
    <system-out><![CDATA[2023-09-18 23:34:32,175 [myid:] - ERROR [main:o.w.l.WasabiListener5@22] - [WASABISTART]
2023-09-18 23:34:32,176 [myid:] - ERROR [main:o.w.l.WasabiListener5@23] - [wasabi] testNodes9() is started
2023-09-18 23:34:35,353 [myid:] - ERROR [main:o.w.l.WasabiListener5@30] - [wasabi] testNodes9() is finished
2023-09-18 23:34:35,353 [myid:] - ERROR [main:o.w.l.WasabiListener5@31] - [WASABIEND]
]]></system-out>
  </testcase>
  <testcase name="testNodes20" classname="org.apache.zookeeper.recipes.leader.LeaderElectionSupportTest" time="3.22">
    <system-out><![CDATA[2023-09-18 23:34:35,354 [myid:] - ERROR [main:o.w.l.WasabiListener5@22] - [WASABISTART]
2023-09-18 23:34:35,354 [myid:] - ERROR [main:o.w.l.WasabiListener5@23] - [wasabi] testNodes20() is started
2023-09-18 23:34:38,573 [myid:] - ERROR [main:o.w.l.WasabiListener5@30] - [wasabi] testNodes20() is finished
2023-09-18 23:34:38,574 [myid:] - ERROR [main:o.w.l.WasabiListener5@31] - [WASABIEND]
]]></system-out>
  </testcase>
  <testcase name="testNodes100" classname="org.apache.zookeeper.recipes.leader.LeaderElectionSupportTest" time="3.62">
    <system-out><![CDATA[2023-09-18 23:34:38,577 [myid:] - ERROR [main:o.w.l.WasabiListener5@22] - [WASABISTART]
2023-09-18 23:34:38,578 [myid:] - ERROR [main:o.w.l.WasabiListener5@23] - [wasabi] testNodes100() is started
2023-09-18 23:34:41,929 [myid:] - ERROR [main-EventThread:o.a.z.r.l.LeaderElectionSupport@271] - Failed in state STOP
org.apache.zookeeper.KeeperException$NoNodeException: KeeperErrorCode = NoNode for /1695054851977_1/n_0000000006
	at org.apache.zookeeper.KeeperException.create(KeeperException.java:117)
	at org.apache.zookeeper.KeeperException.create(KeeperException.java:53)
	at org.apache.zookeeper.ZooKeeper.getData(ZooKeeper.java:1972)
	at org.apache.zookeeper.ZooKeeper.getData(ZooKeeper.java:2000)
	at org.apache.zookeeper.recipes.leader.LeaderElectionSupport.toLeaderOffers(LeaderElectionSupport.java:310)
	at org.apache.zookeeper.recipes.leader.LeaderElectionSupport.determineElectionStatus(LeaderElectionSupport.java:199)
	at org.apache.zookeeper.recipes.leader.LeaderElectionSupport.process(LeaderElectionSupport.java:335)
	at org.apache.zookeeper.ClientCnxn$EventThread.processEvent(ClientCnxn.java:565)
	at org.apache.zookeeper.ClientCnxn$EventThread.run(ClientCnxn.java:540)
2023-09-18 23:34:42,016 [myid:] - ERROR [main-EventThread:o.a.z.r.l.LeaderElectionSupport@271] - Failed in state DETERMINE
org.apache.zookeeper.KeeperException$NoNodeException: KeeperErrorCode = NoNode for /1695054851977_1/n_0000000017
	at org.apache.zookeeper.KeeperException.create(KeeperException.java:117)
	at org.apache.zookeeper.KeeperException.create(KeeperException.java:53)
	at org.apache.zookeeper.ZooKeeper.getData(ZooKeeper.java:1972)
	at org.apache.zookeeper.ZooKeeper.getData(ZooKeeper.java:2000)
	at org.apache.zookeeper.recipes.leader.LeaderElectionSupport.toLeaderOffers(LeaderElectionSupport.java:310)
	at org.apache.zookeeper.recipes.leader.LeaderElectionSupport.determineElectionStatus(LeaderElectionSupport.java:199)
	at org.apache.zookeeper.recipes.leader.LeaderElectionSupport.process(LeaderElectionSupport.java:335)
	at org.apache.zookeeper.ClientCnxn$EventThread.processEvent(ClientCnxn.java:565)
	at org.apache.zookeeper.ClientCnxn$EventThread.run(ClientCnxn.java:540)
2023-09-18 23:34:42,024 [myid:] - ERROR [main-EventThread:o.a.z.r.l.LeaderElectionSupport@271] - Failed in state STOP
org.apache.zookeeper.KeeperException$NoNodeException: KeeperErrorCode = NoNode for /1695054851977_1/n_0000000015
	at org.apache.zookeeper.KeeperException.create(KeeperException.java:117)
	at org.apache.zookeeper.KeeperException.create(KeeperException.java:53)
	at org.apache.zookeeper.ZooKeeper.getData(ZooKeeper.java:1972)
	at org.apache.zookeeper.ZooKeeper.getData(ZooKeeper.java:2000)
	at org.apache.zookeeper.recipes.leader.LeaderElectionSupport.toLeaderOffers(LeaderElectionSupport.java:310)
	at org.apache.zookeeper.recipes.leader.LeaderElectionSupport.determineElectionStatus(LeaderElectionSupport.java:199)
	at org.apache.zookeeper.recipes.leader.LeaderElectionSupport.process(LeaderElectionSupport.java:335)
	at org.apache.zookeeper.ClientCnxn$EventThread.processEvent(ClientCnxn.java:565)
	at org.apache.zookeeper.ClientCnxn$EventThread.run(ClientCnxn.java:540)
2023-09-18 23:34:42,084 [myid:] - ERROR [main-EventThread:o.a.z.r.l.LeaderElectionSupport@271] - Failed in state STOP
org.apache.zookeeper.KeeperException$NoNodeException: KeeperErrorCode = NoNode for /1695054851977_1/n_0000000099
	at org.apache.zookeeper.KeeperException.create(KeeperException.java:117)
	at org.apache.zookeeper.KeeperException.create(KeeperException.java:53)
	at org.apache.zookeeper.ZooKeeper.getData(ZooKeeper.java:1972)
	at org.apache.zookeeper.ZooKeeper.getData(ZooKeeper.java:2000)
	at org.apache.zookeeper.recipes.leader.LeaderElectionSupport.toLeaderOffers(LeaderElectionSupport.java:310)
	at org.apache.zookeeper.recipes.leader.LeaderElectionSupport.determineElectionStatus(LeaderElectionSupport.java:199)
	at org.apache.zookeeper.recipes.leader.LeaderElectionSupport.process(LeaderElectionSupport.java:335)
	at org.apache.zookeeper.ClientCnxn$EventThread.processEvent(ClientCnxn.java:565)
	at org.apache.zookeeper.ClientCnxn$EventThread.run(ClientCnxn.java:540)
2023-09-18 23:34:42,198 [myid:] - ERROR [main:o.w.l.WasabiListener5@30] - [wasabi] testNodes100() is finished
2023-09-18 23:34:42,199 [myid:] - ERROR [main:o.w.l.WasabiListener5@31] - [WASABIEND]
]]></system-out>
  </testcase>
</testsuite>