<?xml version="1.0" encoding="UTF-8"?>
<testsuite xmlns:xsi="http://www.w3.org/2001/XMLSchema-instance" xsi:noNamespaceSchemaLocation="https://maven.apache.org/surefire/maven-surefire-plugin/xsd/surefire-test-report-3.0.xsd" version="3.0" name="org.apache.zookeeper.server.controller.ControllerClientServerTest" time="4.376" tests="7" errors="0" skipped="0" failures="0">
  <properties>
    <property name="sun.desktop" value="gnome"/>
    <property name="build.test.dir" value="/home/asus/Documents/zookeeper/zookeeper-server/target/surefire"/>
    <property name="awt.toolkit" value="sun.awt.X11.XToolkit"/>
    <property name="file.encoding.pkg" value="sun.io"/>
    <property name="java.specification.version" value="1.8"/>
    <property name="sun.cpu.isalist" value=""/>
    <property name="sun.jnu.encoding" value="UTF-8"/>
    <property name="java.class.path" value="/home/asus/Documents/zookeeper/zookeeper-server/target/test-classes:/home/asus/Documents/zookeeper/zookeeper-server/target/classes:/home/asus/.m2/repository/com/github/spotbugs/spotbugs-annotations/4.0.2/spotbugs-annotations-4.0.2.jar:/home/asus/.m2/repository/com/google/code/findbugs/jsr305/3.0.2/jsr305-3.0.2.jar:/home/asus/.m2/repository/org/hamcrest/hamcrest-library/2.2/hamcrest-library-2.2.jar:/home/asus/.m2/repository/org/hamcrest/hamcrest-core/2.2/hamcrest-core-2.2.jar:/home/asus/.m2/repository/org/hamcrest/hamcrest/2.2/hamcrest-2.2.jar:/home/asus/.m2/repository/org/apache/commons/commons-collections4/4.4/commons-collections4-4.4.jar:/home/asus/Documents/zookeeper/zookeeper-jute/target/classes:/home/asus/.m2/repository/commons-cli/commons-cli/1.5.0/commons-cli-1.5.0.jar:/home/asus/.m2/repository/org/apache/yetus/audience-annotations/0.12.0/audience-annotations-0.12.0.jar:/home/asus/.m2/repository/io/netty/netty-handler/4.1.94.Final/netty-handler-4.1.94.Final.jar:/home/asus/.m2/repository/io/netty/netty-common/4.1.94.Final/netty-common-4.1.94.Final.jar:/home/asus/.m2/repository/io/netty/netty-resolver/4.1.94.Final/netty-resolver-4.1.94.Final.jar:/home/asus/.m2/repository/io/netty/netty-buffer/4.1.94.Final/netty-buffer-4.1.94.Final.jar:/home/asus/.m2/repository/io/netty/netty-transport/4.1.94.Final/netty-transport-4.1.94.Final.jar:/home/asus/.m2/repository/io/netty/netty-transport-native-unix-common/4.1.94.Final/netty-transport-native-unix-common-4.1.94.Final.jar:/home/asus/.m2/repository/io/netty/netty-codec/4.1.94.Final/netty-codec-4.1.94.Final.jar:/home/asus/.m2/repository/io/netty/netty-transport-native-epoll/4.1.94.Final/netty-transport-native-epoll-4.1.94.Final-linux-x86_64.jar:/home/asus/.m2/repository/io/netty/netty-transport-classes-epoll/4.1.94.Final/netty-transport-classes-epoll-4.1.94.Final.jar:/home/asus/.m2/repository/io/netty/netty-tcnative-boringssl-static/2.0.61.Final/netty-tcnative-boringssl-static-2.0.61.Final.jar:/home/asus/.m2/repository/io/netty/netty-tcnative-classes/2.0.61.Final/netty-tcnative-classes-2.0.61.Final.jar:/home/asus/.m2/repository/io/netty/netty-tcnative-boringssl-static/2.0.61.Final/netty-tcnative-boringssl-static-2.0.61.Final-linux-x86_64.jar:/home/asus/.m2/repository/io/netty/netty-tcnative-boringssl-static/2.0.61.Final/netty-tcnative-boringssl-static-2.0.61.Final-linux-aarch_64.jar:/home/asus/.m2/repository/io/netty/netty-tcnative-boringssl-static/2.0.61.Final/netty-tcnative-boringssl-static-2.0.61.Final-osx-x86_64.jar:/home/asus/.m2/repository/io/netty/netty-tcnative-boringssl-static/2.0.61.Final/netty-tcnative-boringssl-static-2.0.61.Final-osx-aarch_64.jar:/home/asus/.m2/repository/io/netty/netty-tcnative-boringssl-static/2.0.61.Final/netty-tcnative-boringssl-static-2.0.61.Final-windows-x86_64.jar:/home/asus/.m2/repository/org/slf4j/slf4j-api/1.7.30/slf4j-api-1.7.30.jar:/home/asus/.m2/repository/ch/qos/logback/logback-core/1.2.10/logback-core-1.2.10.jar:/home/asus/.m2/repository/ch/qos/logback/logback-classic/1.2.10/logback-classic-1.2.10.jar:/home/asus/.m2/repository/org/eclipse/jetty/jetty-server/9.4.51.v20230217/jetty-server-9.4.51.v20230217.jar:/home/asus/.m2/repository/javax/servlet/javax.servlet-api/3.1.0/javax.servlet-api-3.1.0.jar:/home/asus/.m2/repository/org/eclipse/jetty/jetty-http/9.4.51.v20230217/jetty-http-9.4.51.v20230217.jar:/home/asus/.m2/repository/org/eclipse/jetty/jetty-util/9.4.51.v20230217/jetty-util-9.4.51.v20230217.jar:/home/asus/.m2/repository/org/eclipse/jetty/jetty-io/9.4.51.v20230217/jetty-io-9.4.51.v20230217.jar:/home/asus/.m2/repository/org/eclipse/jetty/jetty-servlet/9.4.51.v20230217/jetty-servlet-9.4.51.v20230217.jar:/home/asus/.m2/repository/org/eclipse/jetty/jetty-security/9.4.51.v20230217/jetty-security-9.4.51.v20230217.jar:/home/asus/.m2/repository/org/eclipse/jetty/jetty-util-ajax/9.4.51.v20230217/jetty-util-ajax-9.4.51.v20230217.jar:/home/asus/.m2/repository/org/eclipse/jetty/jetty-client/9.4.51.v20230217/jetty-client-9.4.51.v20230217.jar:/home/asus/.m2/repository/com/fasterxml/jackson/core/jackson-databind/2.15.2/jackson-databind-2.15.2.jar:/home/asus/.m2/repository/com/fasterxml/jackson/core/jackson-annotations/2.15.2/jackson-annotations-2.15.2.jar:/home/asus/.m2/repository/com/fasterxml/jackson/core/jackson-core/2.15.2/jackson-core-2.15.2.jar:/home/asus/.m2/repository/org/bouncycastle/bcprov-jdk18on/1.75/bcprov-jdk18on-1.75.jar:/home/asus/.m2/repository/org/bouncycastle/bcpkix-jdk18on/1.75/bcpkix-jdk18on-1.75.jar:/home/asus/.m2/repository/org/bouncycastle/bcutil-jdk18on/1.75/bcutil-jdk18on-1.75.jar:/home/asus/.m2/repository/jline/jline/2.14.6/jline-2.14.6.jar:/home/asus/.m2/repository/io/dropwizard/metrics/metrics-core/4.1.12.1/metrics-core-4.1.12.1.jar:/home/asus/.m2/repository/org/apache/kerby/kerb-core/2.0.0/kerb-core-2.0.0.jar:/home/asus/.m2/repository/org/apache/kerby/kerby-pkix/2.0.0/kerby-pkix-2.0.0.jar:/home/asus/.m2/repository/org/apache/kerby/kerby-asn1/2.0.0/kerby-asn1-2.0.0.jar:/home/asus/.m2/repository/org/apache/kerby/kerby-util/2.0.0/kerby-util-2.0.0.jar:/home/asus/.m2/repository/org/apache/kerby/kerb-simplekdc/2.0.0/kerb-simplekdc-2.0.0.jar:/home/asus/.m2/repository/org/apache/kerby/kerb-client/2.0.0/kerb-client-2.0.0.jar:/home/asus/.m2/repository/org/apache/kerby/kerb-common/2.0.0/kerb-common-2.0.0.jar:/home/asus/.m2/repository/org/apache/kerby/kerb-crypto/2.0.0/kerb-crypto-2.0.0.jar:/home/asus/.m2/repository/org/apache/kerby/kerb-util/2.0.0/kerb-util-2.0.0.jar:/home/asus/.m2/repository/org/apache/kerby/token-provider/2.0.0/token-provider-2.0.0.jar:/home/asus/.m2/repository/com/nimbusds/nimbus-jose-jwt/4.41.2/nimbus-jose-jwt-4.41.2.jar:/home/asus/.m2/repository/com/github/stephenc/jcip/jcip-annotations/1.0-1/jcip-annotations-1.0-1.jar:/home/asus/.m2/repository/net/minidev/json-smart/2.3/json-smart-2.3.jar:/home/asus/.m2/repository/net/minidev/accessors-smart/1.2/accessors-smart-1.2.jar:/home/asus/.m2/repository/org/ow2/asm/asm/5.0.4/asm-5.0.4.jar:/home/asus/.m2/repository/org/apache/kerby/kerb-admin/2.0.0/kerb-admin-2.0.0.jar:/home/asus/.m2/repository/org/apache/kerby/kerb-server/2.0.0/kerb-server-2.0.0.jar:/home/asus/.m2/repository/org/apache/kerby/kerb-identity/2.0.0/kerb-identity-2.0.0.jar:/home/asus/.m2/repository/org/apache/kerby/kerby-xdr/2.0.0/kerby-xdr-2.0.0.jar:/home/asus/.m2/repository/org/apache/kerby/kerby-config/2.0.0/kerby-config-2.0.0.jar:/home/asus/.m2/repository/org/mockito/mockito-core/4.9.0/mockito-core-4.9.0.jar:/home/asus/.m2/repository/net/bytebuddy/byte-buddy/1.12.16/byte-buddy-1.12.16.jar:/home/asus/.m2/repository/net/bytebuddy/byte-buddy-agent/1.12.16/byte-buddy-agent-1.12.16.jar:/home/asus/.m2/repository/org/objenesis/objenesis/3.3/objenesis-3.3.jar:/home/asus/.m2/repository/org/jmockit/jmockit/1.48/jmockit-1.48.jar:/home/asus/.m2/repository/org/junit/jupiter/junit-jupiter-api/5.7.2/junit-jupiter-api-5.7.2.jar:/home/asus/.m2/repository/org/apiguardian/apiguardian-api/1.1.0/apiguardian-api-1.1.0.jar:/home/asus/.m2/repository/org/opentest4j/opentest4j/1.2.0/opentest4j-1.2.0.jar:/home/asus/.m2/repository/org/junit/platform/junit-platform-commons/1.7.0/junit-platform-commons-1.7.0.jar:/home/asus/.m2/repository/org/junit/jupiter/junit-jupiter-engine/5.7.2/junit-jupiter-engine-5.7.2.jar:/home/asus/.m2/repository/org/junit/platform/junit-platform-engine/1.7.2/junit-platform-engine-1.7.2.jar:/home/asus/.m2/repository/org/junit/jupiter/junit-jupiter-params/5.7.2/junit-jupiter-params-5.7.2.jar:/home/asus/.m2/repository/org/junit/platform/junit-platform-runner/1.6.2/junit-platform-runner-1.6.2.jar:/home/asus/.m2/repository/junit/junit/4.13.2/junit-4.13.2.jar:/home/asus/.m2/repository/org/junit/platform/junit-platform-launcher/1.6.2/junit-platform-launcher-1.6.2.jar:/home/asus/.m2/repository/org/junit/platform/junit-platform-suite-api/1.6.2/junit-platform-suite-api-1.6.2.jar:/home/asus/.m2/repository/org/burningwave/tools/0.25.4/tools-0.25.4.jar:/home/asus/.m2/repository/org/burningwave/core/12.62.5/core-12.62.5.jar:/home/asus/.m2/repository/org/burningwave/jvm-driver/8.14.0/jvm-driver-8.14.0.jar:/home/asus/.m2/repository/io/github/toolfactory/jvm-driver/9.4.2/jvm-driver-9.4.2.jar:/home/asus/.m2/repository/org/xerial/snappy/snappy-java/1.1.10.1/snappy-java-1.1.10.1.jar:/home/asus/.m2/repository/commons-io/commons-io/2.11.0/commons-io-2.11.0.jar:/home/asus/.m2/repository/org/wasabi/logger/logger-project/1.0-SNAPSHOT/logger-project-1.0-SNAPSHOT.jar:/home/asus/.m2/repository/org/apache/logging/log4j/log4j-slf4j-impl/2.18.0/log4j-slf4j-impl-2.18.0.jar:/home/asus/.m2/repository/org/apache/logging/log4j/log4j-api/2.18.0/log4j-api-2.18.0.jar:/home/asus/.m2/repository/org/apache/logging/log4j/log4j-core/2.18.0/log4j-core-2.18.0.jar:/home/asus/.m2/repository/org/junit/vintage/junit-vintage-engine/5.7.2/junit-vintage-engine-5.7.2.jar:"/>
    <property name="java.vm.vendor" value="Oracle Corporation"/>
    <property name="sun.arch.data.model" value="64"/>
    <property name="java.vendor.url" value="http://java.oracle.com/"/>
    <property name="user.timezone" value=""/>
    <property name="java.vm.specification.version" value="1.8"/>
    <property name="os.name" value="Linux"/>
    <property name="user.country" value="US"/>
    <property name="sun.java.launcher" value="SUN_STANDARD"/>
    <property name="sun.boot.library.path" value="/usr/lib/jvm/jdk1.8.0_381/jre/lib/amd64"/>
    <property name="sun.java.command" value="/home/asus/Documents/zookeeper/zookeeper-server/target/surefire/surefirebooter7416213960644219234.jar /home/asus/Documents/zookeeper/zookeeper-server/target/surefire 2023-09-18T23-28-16_975-jvmRun5 surefire1449845463321820852tmp surefire_53824912231696039958tmp"/>
    <property name="surefire.test.class.path" value="/home/asus/Documents/zookeeper/zookeeper-server/target/test-classes:/home/asus/Documents/zookeeper/zookeeper-server/target/classes:/home/asus/.m2/repository/com/github/spotbugs/spotbugs-annotations/4.0.2/spotbugs-annotations-4.0.2.jar:/home/asus/.m2/repository/com/google/code/findbugs/jsr305/3.0.2/jsr305-3.0.2.jar:/home/asus/.m2/repository/org/hamcrest/hamcrest-library/2.2/hamcrest-library-2.2.jar:/home/asus/.m2/repository/org/hamcrest/hamcrest-core/2.2/hamcrest-core-2.2.jar:/home/asus/.m2/repository/org/hamcrest/hamcrest/2.2/hamcrest-2.2.jar:/home/asus/.m2/repository/org/apache/commons/commons-collections4/4.4/commons-collections4-4.4.jar:/home/asus/Documents/zookeeper/zookeeper-jute/target/classes:/home/asus/.m2/repository/commons-cli/commons-cli/1.5.0/commons-cli-1.5.0.jar:/home/asus/.m2/repository/org/apache/yetus/audience-annotations/0.12.0/audience-annotations-0.12.0.jar:/home/asus/.m2/repository/io/netty/netty-handler/4.1.94.Final/netty-handler-4.1.94.Final.jar:/home/asus/.m2/repository/io/netty/netty-common/4.1.94.Final/netty-common-4.1.94.Final.jar:/home/asus/.m2/repository/io/netty/netty-resolver/4.1.94.Final/netty-resolver-4.1.94.Final.jar:/home/asus/.m2/repository/io/netty/netty-buffer/4.1.94.Final/netty-buffer-4.1.94.Final.jar:/home/asus/.m2/repository/io/netty/netty-transport/4.1.94.Final/netty-transport-4.1.94.Final.jar:/home/asus/.m2/repository/io/netty/netty-transport-native-unix-common/4.1.94.Final/netty-transport-native-unix-common-4.1.94.Final.jar:/home/asus/.m2/repository/io/netty/netty-codec/4.1.94.Final/netty-codec-4.1.94.Final.jar:/home/asus/.m2/repository/io/netty/netty-transport-native-epoll/4.1.94.Final/netty-transport-native-epoll-4.1.94.Final-linux-x86_64.jar:/home/asus/.m2/repository/io/netty/netty-transport-classes-epoll/4.1.94.Final/netty-transport-classes-epoll-4.1.94.Final.jar:/home/asus/.m2/repository/io/netty/netty-tcnative-boringssl-static/2.0.61.Final/netty-tcnative-boringssl-static-2.0.61.Final.jar:/home/asus/.m2/repository/io/netty/netty-tcnative-classes/2.0.61.Final/netty-tcnative-classes-2.0.61.Final.jar:/home/asus/.m2/repository/io/netty/netty-tcnative-boringssl-static/2.0.61.Final/netty-tcnative-boringssl-static-2.0.61.Final-linux-x86_64.jar:/home/asus/.m2/repository/io/netty/netty-tcnative-boringssl-static/2.0.61.Final/netty-tcnative-boringssl-static-2.0.61.Final-linux-aarch_64.jar:/home/asus/.m2/repository/io/netty/netty-tcnative-boringssl-static/2.0.61.Final/netty-tcnative-boringssl-static-2.0.61.Final-osx-x86_64.jar:/home/asus/.m2/repository/io/netty/netty-tcnative-boringssl-static/2.0.61.Final/netty-tcnative-boringssl-static-2.0.61.Final-osx-aarch_64.jar:/home/asus/.m2/repository/io/netty/netty-tcnative-boringssl-static/2.0.61.Final/netty-tcnative-boringssl-static-2.0.61.Final-windows-x86_64.jar:/home/asus/.m2/repository/org/slf4j/slf4j-api/1.7.30/slf4j-api-1.7.30.jar:/home/asus/.m2/repository/ch/qos/logback/logback-core/1.2.10/logback-core-1.2.10.jar:/home/asus/.m2/repository/ch/qos/logback/logback-classic/1.2.10/logback-classic-1.2.10.jar:/home/asus/.m2/repository/org/eclipse/jetty/jetty-server/9.4.51.v20230217/jetty-server-9.4.51.v20230217.jar:/home/asus/.m2/repository/javax/servlet/javax.servlet-api/3.1.0/javax.servlet-api-3.1.0.jar:/home/asus/.m2/repository/org/eclipse/jetty/jetty-http/9.4.51.v20230217/jetty-http-9.4.51.v20230217.jar:/home/asus/.m2/repository/org/eclipse/jetty/jetty-util/9.4.51.v20230217/jetty-util-9.4.51.v20230217.jar:/home/asus/.m2/repository/org/eclipse/jetty/jetty-io/9.4.51.v20230217/jetty-io-9.4.51.v20230217.jar:/home/asus/.m2/repository/org/eclipse/jetty/jetty-servlet/9.4.51.v20230217/jetty-servlet-9.4.51.v20230217.jar:/home/asus/.m2/repository/org/eclipse/jetty/jetty-security/9.4.51.v20230217/jetty-security-9.4.51.v20230217.jar:/home/asus/.m2/repository/org/eclipse/jetty/jetty-util-ajax/9.4.51.v20230217/jetty-util-ajax-9.4.51.v20230217.jar:/home/asus/.m2/repository/org/eclipse/jetty/jetty-client/9.4.51.v20230217/jetty-client-9.4.51.v20230217.jar:/home/asus/.m2/repository/com/fasterxml/jackson/core/jackson-databind/2.15.2/jackson-databind-2.15.2.jar:/home/asus/.m2/repository/com/fasterxml/jackson/core/jackson-annotations/2.15.2/jackson-annotations-2.15.2.jar:/home/asus/.m2/repository/com/fasterxml/jackson/core/jackson-core/2.15.2/jackson-core-2.15.2.jar:/home/asus/.m2/repository/org/bouncycastle/bcprov-jdk18on/1.75/bcprov-jdk18on-1.75.jar:/home/asus/.m2/repository/org/bouncycastle/bcpkix-jdk18on/1.75/bcpkix-jdk18on-1.75.jar:/home/asus/.m2/repository/org/bouncycastle/bcutil-jdk18on/1.75/bcutil-jdk18on-1.75.jar:/home/asus/.m2/repository/jline/jline/2.14.6/jline-2.14.6.jar:/home/asus/.m2/repository/io/dropwizard/metrics/metrics-core/4.1.12.1/metrics-core-4.1.12.1.jar:/home/asus/.m2/repository/org/apache/kerby/kerb-core/2.0.0/kerb-core-2.0.0.jar:/home/asus/.m2/repository/org/apache/kerby/kerby-pkix/2.0.0/kerby-pkix-2.0.0.jar:/home/asus/.m2/repository/org/apache/kerby/kerby-asn1/2.0.0/kerby-asn1-2.0.0.jar:/home/asus/.m2/repository/org/apache/kerby/kerby-util/2.0.0/kerby-util-2.0.0.jar:/home/asus/.m2/repository/org/apache/kerby/kerb-simplekdc/2.0.0/kerb-simplekdc-2.0.0.jar:/home/asus/.m2/repository/org/apache/kerby/kerb-client/2.0.0/kerb-client-2.0.0.jar:/home/asus/.m2/repository/org/apache/kerby/kerb-common/2.0.0/kerb-common-2.0.0.jar:/home/asus/.m2/repository/org/apache/kerby/kerb-crypto/2.0.0/kerb-crypto-2.0.0.jar:/home/asus/.m2/repository/org/apache/kerby/kerb-util/2.0.0/kerb-util-2.0.0.jar:/home/asus/.m2/repository/org/apache/kerby/token-provider/2.0.0/token-provider-2.0.0.jar:/home/asus/.m2/repository/com/nimbusds/nimbus-jose-jwt/4.41.2/nimbus-jose-jwt-4.41.2.jar:/home/asus/.m2/repository/com/github/stephenc/jcip/jcip-annotations/1.0-1/jcip-annotations-1.0-1.jar:/home/asus/.m2/repository/net/minidev/json-smart/2.3/json-smart-2.3.jar:/home/asus/.m2/repository/net/minidev/accessors-smart/1.2/accessors-smart-1.2.jar:/home/asus/.m2/repository/org/ow2/asm/asm/5.0.4/asm-5.0.4.jar:/home/asus/.m2/repository/org/apache/kerby/kerb-admin/2.0.0/kerb-admin-2.0.0.jar:/home/asus/.m2/repository/org/apache/kerby/kerb-server/2.0.0/kerb-server-2.0.0.jar:/home/asus/.m2/repository/org/apache/kerby/kerb-identity/2.0.0/kerb-identity-2.0.0.jar:/home/asus/.m2/repository/org/apache/kerby/kerby-xdr/2.0.0/kerby-xdr-2.0.0.jar:/home/asus/.m2/repository/org/apache/kerby/kerby-config/2.0.0/kerby-config-2.0.0.jar:/home/asus/.m2/repository/org/mockito/mockito-core/4.9.0/mockito-core-4.9.0.jar:/home/asus/.m2/repository/net/bytebuddy/byte-buddy/1.12.16/byte-buddy-1.12.16.jar:/home/asus/.m2/repository/net/bytebuddy/byte-buddy-agent/1.12.16/byte-buddy-agent-1.12.16.jar:/home/asus/.m2/repository/org/objenesis/objenesis/3.3/objenesis-3.3.jar:/home/asus/.m2/repository/org/jmockit/jmockit/1.48/jmockit-1.48.jar:/home/asus/.m2/repository/org/junit/jupiter/junit-jupiter-api/5.7.2/junit-jupiter-api-5.7.2.jar:/home/asus/.m2/repository/org/apiguardian/apiguardian-api/1.1.0/apiguardian-api-1.1.0.jar:/home/asus/.m2/repository/org/opentest4j/opentest4j/1.2.0/opentest4j-1.2.0.jar:/home/asus/.m2/repository/org/junit/platform/junit-platform-commons/1.7.0/junit-platform-commons-1.7.0.jar:/home/asus/.m2/repository/org/junit/jupiter/junit-jupiter-engine/5.7.2/junit-jupiter-engine-5.7.2.jar:/home/asus/.m2/repository/org/junit/platform/junit-platform-engine/1.7.2/junit-platform-engine-1.7.2.jar:/home/asus/.m2/repository/org/junit/jupiter/junit-jupiter-params/5.7.2/junit-jupiter-params-5.7.2.jar:/home/asus/.m2/repository/org/junit/platform/junit-platform-runner/1.6.2/junit-platform-runner-1.6.2.jar:/home/asus/.m2/repository/junit/junit/4.13.2/junit-4.13.2.jar:/home/asus/.m2/repository/org/junit/platform/junit-platform-launcher/1.6.2/junit-platform-launcher-1.6.2.jar:/home/asus/.m2/repository/org/junit/platform/junit-platform-suite-api/1.6.2/junit-platform-suite-api-1.6.2.jar:/home/asus/.m2/repository/org/burningwave/tools/0.25.4/tools-0.25.4.jar:/home/asus/.m2/repository/org/burningwave/core/12.62.5/core-12.62.5.jar:/home/asus/.m2/repository/org/burningwave/jvm-driver/8.14.0/jvm-driver-8.14.0.jar:/home/asus/.m2/repository/io/github/toolfactory/jvm-driver/9.4.2/jvm-driver-9.4.2.jar:/home/asus/.m2/repository/org/xerial/snappy/snappy-java/1.1.10.1/snappy-java-1.1.10.1.jar:/home/asus/.m2/repository/commons-io/commons-io/2.11.0/commons-io-2.11.0.jar:/home/asus/.m2/repository/org/wasabi/logger/logger-project/1.0-SNAPSHOT/logger-project-1.0-SNAPSHOT.jar:/home/asus/.m2/repository/org/apache/logging/log4j/log4j-slf4j-impl/2.18.0/log4j-slf4j-impl-2.18.0.jar:/home/asus/.m2/repository/org/apache/logging/log4j/log4j-api/2.18.0/log4j-api-2.18.0.jar:/home/asus/.m2/repository/org/apache/logging/log4j/log4j-core/2.18.0/log4j-core-2.18.0.jar:/home/asus/.m2/repository/org/junit/vintage/junit-vintage-engine/5.7.2/junit-vintage-engine-5.7.2.jar:"/>
    <property name="sun.cpu.endian" value="little"/>
    <property name="user.home" value="/home/asus"/>
    <property name="user.language" value="en"/>
    <property name="java.specification.vendor" value="Oracle Corporation"/>
    <property name="java.home" value="/usr/lib/jvm/jdk1.8.0_381/jre"/>
    <property name="zookeeper.DigestAuthenticationProvider.superDigest" value="super:D/InIHSb7yEEbrWz8b9l71RjZJU="/>
    <property name="basedir" value="/home/asus/Documents/zookeeper/zookeeper-server"/>
    <property name="file.separator" value="/"/>
    <property name="line.separator" value="&#10;"/>
    <property name="java.vm.specification.vendor" value="Oracle Corporation"/>
    <property name="java.specification.name" value="Java Platform API Specification"/>
    <property name="java.awt.graphicsenv" value="sun.awt.X11GraphicsEnvironment"/>
    <property name="test.junit.threads" value="8"/>
    <property name="surefire.real.class.path" value="/home/asus/Documents/zookeeper/zookeeper-server/target/surefire/surefirebooter7416213960644219234.jar:/home/asus/.m2/repository/org/jmockit/jmockit/1.48/jmockit-1.48.jar"/>
    <property name="zookeeper.junit.threadid" value="5"/>
    <property name="sun.boot.class.path" value="/usr/lib/jvm/jdk1.8.0_381/jre/lib/resources.jar:/usr/lib/jvm/jdk1.8.0_381/jre/lib/rt.jar:/usr/lib/jvm/jdk1.8.0_381/jre/lib/jsse.jar:/usr/lib/jvm/jdk1.8.0_381/jre/lib/jce.jar:/usr/lib/jvm/jdk1.8.0_381/jre/lib/charsets.jar:/usr/lib/jvm/jdk1.8.0_381/jre/lib/jfr.jar:/usr/lib/jvm/jdk1.8.0_381/jre/classes"/>
    <property name="sun.management.compiler" value="HotSpot 64-Bit Tiered Compilers"/>
    <property name="java.runtime.version" value="1.8.0_381-b09"/>
    <property name="user.name" value="asus"/>
    <property name="path.separator" value=":"/>
    <property name="os.version" value="6.2.0-32-generic"/>
    <property name="java.endorsed.dirs" value="/usr/lib/jvm/jdk1.8.0_381/jre/lib/endorsed"/>
    <property name="java.runtime.name" value="Java(TM) SE Runtime Environment"/>
    <property name="file.encoding" value="UTF-8"/>
    <property name="java.vm.name" value="Java HotSpot(TM) 64-Bit Server VM"/>
    <property name="localRepository" value="/home/asus/.m2/repository"/>
    <property name="java.vendor.url.bug" value="http://bugreport.sun.com/bugreport/"/>
    <property name="java.io.tmpdir" value="/tmp"/>
    <property name="java.version" value="1.8.0_381"/>
    <property name="user.dir" value="/home/asus/Documents/zookeeper/zookeeper-server"/>
    <property name="os.arch" value="amd64"/>
    <property name="java.vm.specification.name" value="Java Virtual Machine Specification"/>
    <property name="java.awt.printerjob" value="sun.print.PSPrinterJob"/>
    <property name="sun.os.patch.level" value="unknown"/>
    <property name="java.library.path" value="/usr/java/packages/lib/amd64:/usr/lib64:/lib64:/lib:/usr/lib"/>
    <property name="junit.jupiter.extensions.autodetection.enabled" value="true"/>
    <property name="java.vm.info" value="mixed mode"/>
    <property name="java.vendor" value="Oracle Corporation"/>
    <property name="java.vm.version" value="25.381-b09"/>
    <property name="java.specification.maintenance.version" value="5"/>
    <property name="java.ext.dirs" value="/usr/lib/jvm/jdk1.8.0_381/jre/lib/ext:/usr/java/packages/lib/ext"/>
    <property name="sun.io.unicode.encoding" value="UnicodeLittle"/>
    <property name="java.class.version" value="52.0"/>
    <property name="maven.test.failure.ignore" value="true"/>
  </properties>
  <testcase name="verifyCloseConnectionCommand" classname="org.apache.zookeeper.server.controller.ControllerClientServerTest" time="2.18">
    <system-out><![CDATA[2023-09-18 23:28:29,372 [myid:] - ERROR [main:o.a.z.s.c.ControllerTestBase@72] - [wasabi] Retry Loop 08 is called. MaxRetry :50  stack trace element: org.apache.zookeeper.server.controller.ControllerTestBase.init (Line 60)
2023-09-18 23:28:29,375 [myid:] - ERROR [main:o.a.z.s.c.ControllerTestBase@73] - [wasabi] Retry Loop 02 is called. MaxDuration : 100  stack trace element: org.apache.zookeeper.server.controller.ControllerTestBase.init (Line 60)
2023-09-18 23:28:29,376 [myid:] - ERROR [main:o.a.z.s.c.ControllerTestBase@72] - [wasabi] Retry Loop 08 is called. MaxRetry :50  stack trace element: mockit.integration.junit4.JUnit4TestRunnerDecorator.invokeExplosively (Line 49)
2023-09-18 23:28:29,376 [myid:] - ERROR [main:o.a.z.s.c.ControllerTestBase@73] - [wasabi] Retry Loop 02 is called. MaxDuration : 100  stack trace element: mockit.integration.junit4.JUnit4TestRunnerDecorator.invokeExplosively (Line 49)
2023-09-18 23:28:30,428 [myid:] - ERROR [WorkerReceiver[myid=0]:o.a.z.s.q.QuorumPeerConfig@702] - Invalid configuration, only one server specified (ignoring)
2023-09-18 23:28:30,687 [myid:] - ERROR [QuorumPeer[myid=0](plain=127.0.0.1:45815)(secure=disabled):o.a.z.s.q.QuorumPeerConfig@702] - Invalid configuration, only one server specified (ignoring)
2023-09-18 23:28:30,890 [myid:] - ERROR [qtp2031507783-24:o.a.z.s.c.CommandListener$CommandHandler@85] - Bad argument or command
java.lang.NumberFormatException: For input string: "hanm"
	at java.lang.NumberFormatException.forInputString(NumberFormatException.java:65)
	at java.lang.Long.parseLong(Long.java:589)
	at java.lang.Long.valueOf(Long.java:776)
	at java.lang.Long.decode(Long.java:928)
	at org.apache.zookeeper.server.controller.ZooKeeperServerController.processCommand(ZooKeeperServerController.java:121)
	at org.apache.zookeeper.server.controller.CommandListener$CommandHandler.handle(CommandListener.java:81)
	at org.eclipse.jetty.server.handler.HandlerWrapper.handle(HandlerWrapper.java:127)
	at org.eclipse.jetty.server.Server.handle(Server.java:516)
	at org.eclipse.jetty.server.HttpChannel.lambda$handle$1(HttpChannel.java:487)
	at org.eclipse.jetty.server.HttpChannel.dispatch(HttpChannel.java:732)
	at org.eclipse.jetty.server.HttpChannel.handle(HttpChannel.java:479)
	at org.eclipse.jetty.server.HttpConnection.onFillable(HttpConnection.java:277)
	at org.eclipse.jetty.io.AbstractConnection$ReadCallback.succeeded(AbstractConnection.java:311)
	at org.eclipse.jetty.io.FillInterest.fillable(FillInterest.java:105)
	at org.eclipse.jetty.io.ChannelEndPoint$1.run(ChannelEndPoint.java:104)
	at org.eclipse.jetty.util.thread.strategy.EatWhatYouKill.runTask(EatWhatYouKill.java:338)
	at org.eclipse.jetty.util.thread.strategy.EatWhatYouKill.doProduce(EatWhatYouKill.java:315)
	at org.eclipse.jetty.util.thread.strategy.EatWhatYouKill.tryProduce(EatWhatYouKill.java:173)
	at org.eclipse.jetty.util.thread.strategy.EatWhatYouKill.run(EatWhatYouKill.java:131)
	at org.eclipse.jetty.util.thread.ReservedThreadExecutor$ReservedThread.run(ReservedThreadExecutor.java:409)
	at org.eclipse.jetty.util.thread.QueuedThreadPool.runJob(QueuedThreadPool.java:883)
	at org.eclipse.jetty.util.thread.QueuedThreadPool$Runner.run(QueuedThreadPool.java:1034)
	at java.lang.Thread.run(Thread.java:750)
]]></system-out>
    <system-err><![CDATA[SLF4J: Class path contains multiple SLF4J bindings.
SLF4J: Found binding in [jar:file:/home/asus/.m2/repository/ch/qos/logback/logback-classic/1.2.10/logback-classic-1.2.10.jar!/org/slf4j/impl/StaticLoggerBinder.class]
SLF4J: Found binding in [jar:file:/home/asus/.m2/repository/org/apache/logging/log4j/log4j-slf4j-impl/2.18.0/log4j-slf4j-impl-2.18.0.jar!/org/slf4j/impl/StaticLoggerBinder.class]
SLF4J: See http://www.slf4j.org/codes.html#multiple_bindings for an explanation.
SLF4J: Actual binding is of type [ch.qos.logback.classic.util.ContextSelectorStaticBinder]
]]></system-err>
  </testcase>
  <testcase name="verifyBadResponseCommands" classname="org.apache.zookeeper.server.controller.ControllerClientServerTest" time="0.318">
    <system-out><![CDATA[2023-09-18 23:28:30,925 [myid:] - ERROR [main:o.a.z.s.c.ControllerTestBase@72] - [wasabi] Retry Loop 08 is called. MaxRetry :50  stack trace element: org.apache.zookeeper.server.controller.ControllerTestBase.init (Line 60)
2023-09-18 23:28:30,926 [myid:] - ERROR [main:o.a.z.s.c.ControllerTestBase@73] - [wasabi] Retry Loop 02 is called. MaxDuration : 100  stack trace element: org.apache.zookeeper.server.controller.ControllerTestBase.init (Line 60)
2023-09-18 23:28:30,926 [myid:] - ERROR [main:o.a.z.s.c.ControllerTestBase@72] - [wasabi] Retry Loop 08 is called. MaxRetry :50  stack trace element: mockit.integration.junit4.JUnit4TestRunnerDecorator.invokeExplosively (Line 49)
2023-09-18 23:28:30,926 [myid:] - ERROR [main:o.a.z.s.c.ControllerTestBase@73] - [wasabi] Retry Loop 02 is called. MaxDuration : 100  stack trace element: mockit.integration.junit4.JUnit4TestRunnerDecorator.invokeExplosively (Line 49)
2023-09-18 23:28:30,958 [myid:] - ERROR [WorkerReceiver[myid=0]:o.a.z.s.q.QuorumPeerConfig@702] - Invalid configuration, only one server specified (ignoring)
2023-09-18 23:28:31,167 [myid:] - ERROR [QuorumPeer[myid=0](plain=127.0.0.1:38149)(secure=disabled):o.a.z.s.q.QuorumPeerConfig@702] - Invalid configuration, only one server specified (ignoring)
2023-09-18 23:28:31,231 [myid:] - ERROR [qtp1490105189-67:o.a.z.s.c.CommandListener$CommandHandler@85] - Bad argument or command
java.lang.NumberFormatException: For input string: "hanm"
	at java.lang.NumberFormatException.forInputString(NumberFormatException.java:65)
	at java.lang.Long.parseLong(Long.java:589)
	at java.lang.Long.valueOf(Long.java:776)
	at java.lang.Long.decode(Long.java:928)
	at org.apache.zookeeper.server.controller.ZooKeeperServerController.processCommand(ZooKeeperServerController.java:153)
	at org.apache.zookeeper.server.controller.CommandListener$CommandHandler.handle(CommandListener.java:81)
	at org.eclipse.jetty.server.handler.HandlerWrapper.handle(HandlerWrapper.java:127)
	at org.eclipse.jetty.server.Server.handle(Server.java:516)
	at org.eclipse.jetty.server.HttpChannel.lambda$handle$1(HttpChannel.java:487)
	at org.eclipse.jetty.server.HttpChannel.dispatch(HttpChannel.java:732)
	at org.eclipse.jetty.server.HttpChannel.handle(HttpChannel.java:479)
	at org.eclipse.jetty.server.HttpConnection.onFillable(HttpConnection.java:277)
	at org.eclipse.jetty.io.AbstractConnection$ReadCallback.succeeded(AbstractConnection.java:311)
	at org.eclipse.jetty.io.FillInterest.fillable(FillInterest.java:105)
	at org.eclipse.jetty.io.ChannelEndPoint$1.run(ChannelEndPoint.java:104)
	at org.eclipse.jetty.util.thread.strategy.EatWhatYouKill.runTask(EatWhatYouKill.java:338)
	at org.eclipse.jetty.util.thread.strategy.EatWhatYouKill.doProduce(EatWhatYouKill.java:315)
	at org.eclipse.jetty.util.thread.strategy.EatWhatYouKill.tryProduce(EatWhatYouKill.java:173)
	at org.eclipse.jetty.util.thread.strategy.EatWhatYouKill.produce(EatWhatYouKill.java:137)
	at org.eclipse.jetty.util.thread.QueuedThreadPool.runJob(QueuedThreadPool.java:883)
	at org.eclipse.jetty.util.thread.QueuedThreadPool$Runner.run(QueuedThreadPool.java:1034)
	at java.lang.Thread.run(Thread.java:750)
]]></system-out>
  </testcase>
  <testcase name="verifyAddResetDelayCommands" classname="org.apache.zookeeper.server.controller.ControllerClientServerTest" time="0.315">
    <system-out><![CDATA[2023-09-18 23:28:31,243 [myid:] - ERROR [main:o.a.z.s.c.ControllerTestBase@72] - [wasabi] Retry Loop 08 is called. MaxRetry :50  stack trace element: org.apache.zookeeper.server.controller.ControllerTestBase.init (Line 60)
2023-09-18 23:28:31,243 [myid:] - ERROR [main:o.a.z.s.c.ControllerTestBase@73] - [wasabi] Retry Loop 02 is called. MaxDuration : 100  stack trace element: org.apache.zookeeper.server.controller.ControllerTestBase.init (Line 60)
2023-09-18 23:28:31,244 [myid:] - ERROR [main:o.a.z.s.c.ControllerTestBase@72] - [wasabi] Retry Loop 08 is called. MaxRetry :50  stack trace element: mockit.integration.junit4.JUnit4TestRunnerDecorator.invokeExplosively (Line 49)
2023-09-18 23:28:31,244 [myid:] - ERROR [main:o.a.z.s.c.ControllerTestBase@73] - [wasabi] Retry Loop 02 is called. MaxDuration : 100  stack trace element: mockit.integration.junit4.JUnit4TestRunnerDecorator.invokeExplosively (Line 49)
2023-09-18 23:28:31,267 [myid:] - ERROR [WorkerReceiver[myid=0]:o.a.z.s.q.QuorumPeerConfig@702] - Invalid configuration, only one server specified (ignoring)
2023-09-18 23:28:31,471 [myid:] - ERROR [QuorumPeer[myid=0](plain=127.0.0.1:43283)(secure=disabled):o.a.z.s.q.QuorumPeerConfig@702] - Invalid configuration, only one server specified (ignoring)
2023-09-18 23:28:31,548 [myid:] - ERROR [qtp563142093-114:o.a.z.s.c.CommandListener$CommandHandler@85] - Bad argument or command
java.lang.NumberFormatException: For input string: "hanm"
	at java.lang.NumberFormatException.forInputString(NumberFormatException.java:65)
	at java.lang.Long.parseLong(Long.java:589)
	at java.lang.Long.valueOf(Long.java:776)
	at java.lang.Long.decode(Long.java:928)
	at org.apache.zookeeper.server.controller.ZooKeeperServerController.processCommand(ZooKeeperServerController.java:140)
	at org.apache.zookeeper.server.controller.CommandListener$CommandHandler.handle(CommandListener.java:81)
	at org.eclipse.jetty.server.handler.HandlerWrapper.handle(HandlerWrapper.java:127)
	at org.eclipse.jetty.server.Server.handle(Server.java:516)
	at org.eclipse.jetty.server.HttpChannel.lambda$handle$1(HttpChannel.java:487)
	at org.eclipse.jetty.server.HttpChannel.dispatch(HttpChannel.java:732)
	at org.eclipse.jetty.server.HttpChannel.handle(HttpChannel.java:479)
	at org.eclipse.jetty.server.HttpConnection.onFillable(HttpConnection.java:277)
	at org.eclipse.jetty.io.AbstractConnection$ReadCallback.succeeded(AbstractConnection.java:311)
	at org.eclipse.jetty.io.FillInterest.fillable(FillInterest.java:105)
	at org.eclipse.jetty.io.ChannelEndPoint$1.run(ChannelEndPoint.java:104)
	at org.eclipse.jetty.util.thread.strategy.EatWhatYouKill.runTask(EatWhatYouKill.java:338)
	at org.eclipse.jetty.util.thread.strategy.EatWhatYouKill.doProduce(EatWhatYouKill.java:315)
	at org.eclipse.jetty.util.thread.strategy.EatWhatYouKill.tryProduce(EatWhatYouKill.java:173)
	at org.eclipse.jetty.util.thread.strategy.EatWhatYouKill.produce(EatWhatYouKill.java:137)
	at org.eclipse.jetty.util.thread.QueuedThreadPool.runJob(QueuedThreadPool.java:883)
	at org.eclipse.jetty.util.thread.QueuedThreadPool$Runner.run(QueuedThreadPool.java:1034)
	at java.lang.Thread.run(Thread.java:750)
]]></system-out>
  </testcase>
  <testcase name="verifyPingCommand" classname="org.apache.zookeeper.server.controller.ControllerClientServerTest" time="0.326">
    <system-out><![CDATA[2023-09-18 23:28:31,558 [myid:] - ERROR [main:o.a.z.s.c.ControllerTestBase@72] - [wasabi] Retry Loop 08 is called. MaxRetry :50  stack trace element: org.apache.zookeeper.server.controller.ControllerTestBase.init (Line 60)
2023-09-18 23:28:31,558 [myid:] - ERROR [main:o.a.z.s.c.ControllerTestBase@73] - [wasabi] Retry Loop 02 is called. MaxDuration : 100  stack trace element: org.apache.zookeeper.server.controller.ControllerTestBase.init (Line 60)
2023-09-18 23:28:31,558 [myid:] - ERROR [main:o.a.z.s.c.ControllerTestBase@72] - [wasabi] Retry Loop 08 is called. MaxRetry :50  stack trace element: mockit.integration.junit4.JUnit4TestRunnerDecorator.invokeExplosively (Line 49)
2023-09-18 23:28:31,559 [myid:] - ERROR [main:o.a.z.s.c.ControllerTestBase@73] - [wasabi] Retry Loop 02 is called. MaxDuration : 100  stack trace element: mockit.integration.junit4.JUnit4TestRunnerDecorator.invokeExplosively (Line 49)
2023-09-18 23:28:31,571 [myid:] - ERROR [WorkerReceiver[myid=0]:o.a.z.s.q.QuorumPeerConfig@702] - Invalid configuration, only one server specified (ignoring)
2023-09-18 23:28:31,781 [myid:] - ERROR [QuorumPeer[myid=0](plain=127.0.0.1:33541)(secure=disabled):o.a.z.s.q.QuorumPeerConfig@702] - Invalid configuration, only one server specified (ignoring)
]]></system-out>
  </testcase>
  <testcase name="verifyLeaderElectionCommand" classname="org.apache.zookeeper.server.controller.ControllerClientServerTest" time="0.353">
    <system-out><![CDATA[2023-09-18 23:28:31,884 [myid:] - ERROR [main:o.a.z.s.c.ControllerTestBase@72] - [wasabi] Retry Loop 08 is called. MaxRetry :50  stack trace element: org.apache.zookeeper.server.controller.ControllerTestBase.init (Line 60)
2023-09-18 23:28:31,884 [myid:] - ERROR [main:o.a.z.s.c.ControllerTestBase@73] - [wasabi] Retry Loop 02 is called. MaxDuration : 100  stack trace element: org.apache.zookeeper.server.controller.ControllerTestBase.init (Line 60)
2023-09-18 23:28:31,885 [myid:] - ERROR [main:o.a.z.s.c.ControllerTestBase@72] - [wasabi] Retry Loop 08 is called. MaxRetry :50  stack trace element: mockit.integration.junit4.JUnit4TestRunnerDecorator.invokeExplosively (Line 49)
2023-09-18 23:28:31,885 [myid:] - ERROR [main:o.a.z.s.c.ControllerTestBase@73] - [wasabi] Retry Loop 02 is called. MaxDuration : 100  stack trace element: mockit.integration.junit4.JUnit4TestRunnerDecorator.invokeExplosively (Line 49)
2023-09-18 23:28:31,899 [myid:] - ERROR [WorkerReceiver[myid=0]:o.a.z.s.q.QuorumPeerConfig@702] - Invalid configuration, only one server specified (ignoring)
2023-09-18 23:28:32,108 [myid:] - ERROR [QuorumPeer[myid=0](plain=127.0.0.1:35361)(secure=disabled):o.a.z.s.q.QuorumPeerConfig@702] - Invalid configuration, only one server specified (ignoring)
]]></system-out>
  </testcase>
  <testcase name="verifyExpireSessionCommand" classname="org.apache.zookeeper.server.controller.ControllerClientServerTest" time="0.327">
    <system-out><![CDATA[2023-09-18 23:28:32,237 [myid:] - ERROR [main:o.a.z.s.c.ControllerTestBase@72] - [wasabi] Retry Loop 08 is called. MaxRetry :50  stack trace element: org.apache.zookeeper.server.controller.ControllerTestBase.init (Line 60)
2023-09-18 23:28:32,238 [myid:] - ERROR [main:o.a.z.s.c.ControllerTestBase@73] - [wasabi] Retry Loop 02 is called. MaxDuration : 100  stack trace element: org.apache.zookeeper.server.controller.ControllerTestBase.init (Line 60)
2023-09-18 23:28:32,239 [myid:] - ERROR [main:o.a.z.s.c.ControllerTestBase@72] - [wasabi] Retry Loop 08 is called. MaxRetry :50  stack trace element: mockit.integration.junit4.JUnit4TestRunnerDecorator.invokeExplosively (Line 49)
2023-09-18 23:28:32,239 [myid:] - ERROR [main:o.a.z.s.c.ControllerTestBase@73] - [wasabi] Retry Loop 02 is called. MaxDuration : 100  stack trace element: mockit.integration.junit4.JUnit4TestRunnerDecorator.invokeExplosively (Line 49)
2023-09-18 23:28:32,274 [myid:] - ERROR [WorkerReceiver[myid=0]:o.a.z.s.q.QuorumPeerConfig@702] - Invalid configuration, only one server specified (ignoring)
2023-09-18 23:28:32,497 [myid:] - ERROR [QuorumPeer[myid=0](plain=127.0.0.1:39779)(secure=disabled):o.a.z.s.q.QuorumPeerConfig@702] - Invalid configuration, only one server specified (ignoring)
2023-09-18 23:28:32,549 [myid:] - ERROR [qtp1797257115-261:o.a.z.s.c.CommandListener$CommandHandler@85] - Bad argument or command
java.lang.NumberFormatException: For input string: "hanm"
	at java.lang.NumberFormatException.forInputString(NumberFormatException.java:65)
	at java.lang.Long.parseLong(Long.java:589)
	at java.lang.Long.valueOf(Long.java:776)
	at java.lang.Long.decode(Long.java:928)
	at org.apache.zookeeper.server.controller.ZooKeeperServerController.processCommand(ZooKeeperServerController.java:131)
	at org.apache.zookeeper.server.controller.CommandListener$CommandHandler.handle(CommandListener.java:81)
	at org.eclipse.jetty.server.handler.HandlerWrapper.handle(HandlerWrapper.java:127)
	at org.eclipse.jetty.server.Server.handle(Server.java:516)
	at org.eclipse.jetty.server.HttpChannel.lambda$handle$1(HttpChannel.java:487)
	at org.eclipse.jetty.server.HttpChannel.dispatch(HttpChannel.java:732)
	at org.eclipse.jetty.server.HttpChannel.handle(HttpChannel.java:479)
	at org.eclipse.jetty.server.HttpConnection.onFillable(HttpConnection.java:277)
	at org.eclipse.jetty.io.AbstractConnection$ReadCallback.succeeded(AbstractConnection.java:311)
	at org.eclipse.jetty.io.FillInterest.fillable(FillInterest.java:105)
	at org.eclipse.jetty.io.ChannelEndPoint$1.run(ChannelEndPoint.java:104)
	at org.eclipse.jetty.util.thread.strategy.EatWhatYouKill.runTask(EatWhatYouKill.java:338)
	at org.eclipse.jetty.util.thread.strategy.EatWhatYouKill.doProduce(EatWhatYouKill.java:315)
	at org.eclipse.jetty.util.thread.strategy.EatWhatYouKill.tryProduce(EatWhatYouKill.java:173)
	at org.eclipse.jetty.util.thread.strategy.EatWhatYouKill.produce(EatWhatYouKill.java:137)
	at org.eclipse.jetty.util.thread.QueuedThreadPool.runJob(QueuedThreadPool.java:883)
	at org.eclipse.jetty.util.thread.QueuedThreadPool$Runner.run(QueuedThreadPool.java:1034)
	at java.lang.Thread.run(Thread.java:750)
]]></system-out>
  </testcase>
  <testcase name="verifyEatResponseCommands" classname="org.apache.zookeeper.server.controller.ControllerClientServerTest" time="0.33">
    <system-out><![CDATA[2023-09-18 23:28:32,564 [myid:] - ERROR [main:o.a.z.s.c.ControllerTestBase@72] - [wasabi] Retry Loop 08 is called. MaxRetry :50  stack trace element: org.apache.zookeeper.server.controller.ControllerTestBase.init (Line 60)
2023-09-18 23:28:32,564 [myid:] - ERROR [main:o.a.z.s.c.ControllerTestBase@73] - [wasabi] Retry Loop 02 is called. MaxDuration : 100  stack trace element: org.apache.zookeeper.server.controller.ControllerTestBase.init (Line 60)
2023-09-18 23:28:32,564 [myid:] - ERROR [main:o.a.z.s.c.ControllerTestBase@72] - [wasabi] Retry Loop 08 is called. MaxRetry :50  stack trace element: mockit.integration.junit4.JUnit4TestRunnerDecorator.invokeExplosively (Line 49)
2023-09-18 23:28:32,564 [myid:] - ERROR [main:o.a.z.s.c.ControllerTestBase@73] - [wasabi] Retry Loop 02 is called. MaxDuration : 100  stack trace element: mockit.integration.junit4.JUnit4TestRunnerDecorator.invokeExplosively (Line 49)
2023-09-18 23:28:32,578 [myid:] - ERROR [WorkerReceiver[myid=0]:o.a.z.s.q.QuorumPeerConfig@702] - Invalid configuration, only one server specified (ignoring)
2023-09-18 23:28:32,788 [myid:] - ERROR [QuorumPeer[myid=0](plain=127.0.0.1:43761)(secure=disabled):o.a.z.s.q.QuorumPeerConfig@702] - Invalid configuration, only one server specified (ignoring)
2023-09-18 23:28:32,872 [myid:] - ERROR [qtp453493692-308:o.a.z.s.c.CommandListener$CommandHandler@85] - Bad argument or command
java.lang.NumberFormatException: For input string: "hanm"
	at java.lang.NumberFormatException.forInputString(NumberFormatException.java:65)
	at java.lang.Long.parseLong(Long.java:589)
	at java.lang.Long.valueOf(Long.java:776)
	at java.lang.Long.decode(Long.java:928)
	at org.apache.zookeeper.server.controller.ZooKeeperServerController.processCommand(ZooKeeperServerController.java:146)
	at org.apache.zookeeper.server.controller.CommandListener$CommandHandler.handle(CommandListener.java:81)
	at org.eclipse.jetty.server.handler.HandlerWrapper.handle(HandlerWrapper.java:127)
	at org.eclipse.jetty.server.Server.handle(Server.java:516)
	at org.eclipse.jetty.server.HttpChannel.lambda$handle$1(HttpChannel.java:487)
	at org.eclipse.jetty.server.HttpChannel.dispatch(HttpChannel.java:732)
	at org.eclipse.jetty.server.HttpChannel.handle(HttpChannel.java:479)
	at org.eclipse.jetty.server.HttpConnection.onFillable(HttpConnection.java:277)
	at org.eclipse.jetty.io.AbstractConnection$ReadCallback.succeeded(AbstractConnection.java:311)
	at org.eclipse.jetty.io.FillInterest.fillable(FillInterest.java:105)
	at org.eclipse.jetty.io.ChannelEndPoint$1.run(ChannelEndPoint.java:104)
	at org.eclipse.jetty.util.thread.strategy.EatWhatYouKill.runTask(EatWhatYouKill.java:338)
	at org.eclipse.jetty.util.thread.strategy.EatWhatYouKill.doProduce(EatWhatYouKill.java:315)
	at org.eclipse.jetty.util.thread.strategy.EatWhatYouKill.tryProduce(EatWhatYouKill.java:173)
	at org.eclipse.jetty.util.thread.strategy.EatWhatYouKill.produce(EatWhatYouKill.java:137)
	at org.eclipse.jetty.util.thread.QueuedThreadPool.runJob(QueuedThreadPool.java:883)
	at org.eclipse.jetty.util.thread.QueuedThreadPool$Runner.run(QueuedThreadPool.java:1034)
	at java.lang.Thread.run(Thread.java:750)
]]></system-out>
  </testcase>
</testsuite>